
2021-11-25 09:08:26 :: 	The folowing email/domain is blocked by the plugin's rules : 

2021-11-29 03:40:31 :: 	The folowing email/domain is blocked by the plugin's rules : <h1>Not Found</h1>

2021-11-29 03:59:13 :: 	The folowing email/domain is blocked by the plugin's rules : 

2021-11-29 11:46:39 :: 	The folowing email/domain is blocked by the plugin's rules : <p>The requested URL /50.txt was not found on this server.</p>

2021-11-29 11:59:13 :: 	The folowing email/domain is blocked by the plugin's rules : <html><head>

2021-11-30 12:08:31 :: 	The folowing email/domain is blocked by the plugin's rules : <title>404 Not Found</title>

2021-11-30 12:11:49 :: 	The folowing email/domain is blocked by the plugin's rules : </head><body>

2021-11-30 12:14:17 :: 	The folowing email/domain is blocked by the plugin's rules : <h1>Not Found</h1>

2021-11-30 12:16:18 :: 	The folowing email/domain is blocked by the plugin's rules : <title>404 Not Found</title>

2021-11-30 12:16:22 :: 	The folowing email/domain is blocked by the plugin's rules : </head><body>

2021-11-30 12:20:58 :: 	The folowing email/domain is blocked by the plugin's rules : <p>The requested URL /40.txt was not found on this server.</p>

2021-11-30 12:24:50 :: 	The folowing email/domain is blocked by the plugin's rules : </head><body>

2021-11-30 02:29:31 :: 	The folowing email/domain is blocked by the plugin's rules : <address>Apache/2.4.10 (Unix) Server at e-s.pw Port 80</address>

2021-11-30 02:44:43 :: 	The folowing email/domain is blocked by the plugin's rules : </head><body>

2021-11-30 02:51:39 :: 	The folowing email/domain is blocked by the plugin's rules : <html><head>

2021-11-30 03:00:17 :: 	The folowing email/domain is blocked by the plugin's rules : <address>Apache/2.4.10 (Unix) Server at e-s.pw Port 80</address>

2021-11-30 03:04:54 :: 	The folowing email/domain is blocked by the plugin's rules : </body></html>

2021-11-30 03:46:07 :: 	The folowing email/domain is blocked by the plugin's rules : <hr>

2021-11-30 04:25:28 :: 	The folowing email/domain is blocked by the plugin's rules : <hr>

2021-11-30 04:42:10 :: 	The folowing email/domain is blocked by the plugin's rules : </body></html>

2021-11-30 05:44:21 :: 	The folowing email/domain is blocked by the plugin's rules : <p>The requested URL /40.txt was not found on this server.</p>

2021-11-30 05:54:18 :: 	The folowing email/domain is blocked by the plugin's rules : <p>The requested URL /40.txt was not found on this server.</p>

2021-11-30 05:59:59 :: 	The folowing email/domain is blocked by the plugin's rules : </body></html>

2021-11-30 06:07:42 :: 	The folowing email/domain is blocked by the plugin's rules : <p>The requested URL /40.txt was not found on this server.</p>

2021-11-30 06:15:47 :: 	The folowing email/domain is blocked by the plugin's rules : <p>The requested URL /40.txt was not found on this server.</p>

2021-11-30 06:20:19 :: 	The folowing email/domain is blocked by the plugin's rules : <hr>

2021-11-30 06:39:31 :: 	The folowing email/domain is blocked by the plugin's rules : znakomstvoonvengmail.com
