[2021-09-24 05:34:21 : INFO] - Re_Smush_It_Task with attachment ID : 546, autocreated on : September 24, 2021 05:34:19 
[2021-09-24 05:34:42 : INFO] - Re_Smush_It_Task with attachment ID : 547, autocreated on : September 24, 2021 05:34:41 
[2021-09-24 05:34:55 : INFO] - Re_Smush_It_Task with attachment ID : 548, autocreated on : September 24, 2021 05:34:54 
[2021-09-24 05:35:11 : INFO] - Re_Smush_It_Task with attachment ID : 549, autocreated on : September 24, 2021 05:35:10 
[2021-09-24 05:35:33 : INFO] - Re_Smush_It_Task with attachment ID : 550, autocreated on : September 24, 2021 05:35:32 
[2021-09-24 05:35:47 : INFO] - Re_Smush_It_Task with attachment ID : 551, autocreated on : September 24, 2021 05:35:46 
[2021-09-24 05:36:05 : INFO] - Re_Smush_It_Task with attachment ID : 552, autocreated on : September 24, 2021 05:36:05 
[2021-09-24 05:36:20 : INFO] - Re_Smush_It_Task with attachment ID : 553, autocreated on : September 24, 2021 05:36:19 
[2021-09-24 05:36:35 : INFO] - Re_Smush_It_Task with attachment ID : 554, autocreated on : September 24, 2021 05:36:34 
[2021-09-24 05:36:52 : INFO] - Re_Smush_It_Task with attachment ID : 555, autocreated on : September 24, 2021 05:36:52 
[2021-09-24 05:40:02 : INFO] - 
 
[2021-09-24 05:40:02 : INFO] - Header for logs at time:  Fri, 24 Sep 2021 05:40:02 +0000 on http://appgurus.ifuturz.com 
[2021-09-24 05:40:02 : INFO] - WP: 5.4 
[2021-09-24 05:40:02 : INFO] - PHP: 7.2.34 (cgi-fcgi, Linux development.ifuturz.com 3.10.0-1062.9.1.el7.x86_64 #1 SMP Fri Dec 6 15:49:49 UTC 2019 x86_64) 
[2021-09-24 05:40:02 : INFO] - MySQL: 5.7.29 
[2021-09-24 05:40:02 : INFO] - WPLANG: en_US 
[2021-09-24 05:40:02 : INFO] - Server: Apache 
[2021-09-24 05:40:02 : INFO] - Outbound connections: N 
[2021-09-24 05:40:02 : INFO] - safe_mode: 0 
[2021-09-24 05:40:02 : INFO] - max_execution_time: 30000 
[2021-09-24 05:40:02 : INFO] - memory_limit: 128M (used: 27.7M | 30M) 
[2021-09-24 05:40:02 : INFO] - multisite: N 
[2021-09-24 05:40:02 : INFO] - openssl: OpenSSL 1.0.2k  26 Jan 2017 
[2021-09-24 05:40:02 : INFO] - A total of 10 tasks of type smush found and will be processed in this iteration 
[2021-09-24 05:40:02 : INFO] - Set semaphore last lock (smush) time to 2021-09-24 05:40:02 
[2021-09-24 05:40:02 : INFO] - Semaphore lock (smush) complete 
[2021-09-24 05:40:02 : INFO] - Processing task with ID : 1, and type 'smush' 
[2021-09-24 05:40:02 : INFO] - Re_Smush_It_Task with attachment ID : 546, autocreated on : September 24, 2021 05:34:19 
[2021-09-24 05:40:02 : INFO] - 95 
[2021-09-24 05:40:05 : INFO] - Backing up the original image - 2021/09/Lorana-Jane-updraft-pre-smush-original.png 
[2021-09-24 05:40:05 : INFO] - Re_Smush_It_Task with attachment ID : 546, autocreated on : September 24, 2021 05:34:19 
[2021-09-24 05:40:05 : INFO] - 95 
[2021-09-24 05:40:12 : INFO] - Task with ID 1 and type (smush) failed with error code invalid_response - The compression apparently succeeded, but WP-Optimize could not retrieve the compressed image from the remote server. 
[2021-09-24 05:40:12 : INFO] - data: {"src":"http:\/\/par4.static.resmush.it\/2cf19e06e1ba322c3b89c125708aebe1\/_src_Lorana-Jane-300x295.png","dest":"http:\/\/par4.static.resmush.it\/2cf19e06e1ba322c3b89c125708aebe1\/Lorana-Jane-300x295.png","src_size":87859,"dest_size":28964,"percent":67,"output":"json","expires":"Fri, 24 Sep 2021 07:45:06 +0200","generator":"reSmush.it rev.3.0.4.20210124"} 
[2021-09-24 05:40:12 : INFO] - Re_Smush_It_Task with attachment ID : 546, autocreated on : September 24, 2021 05:34:19 
[2021-09-24 05:40:12 : INFO] - 95 
[2021-09-24 05:40:39 : INFO] - Task with ID 1 and type (smush) failed with error code invalid_response - The compression apparently succeeded, but WP-Optimize could not retrieve the compressed image from the remote server. 
[2021-09-24 05:40:39 : INFO] - data: {"src":"http:\/\/par3.static.resmush.it\/2ca19ecb12aa34d37aa6ec5a2f57e1c5\/_src_Lorana-Jane-150x150.png","dest":"http:\/\/par3.static.resmush.it\/2ca19ecb12aa34d37aa6ec5a2f57e1c5\/Lorana-Jane-150x150.png","src_size":26118,"dest_size":10013,"percent":62,"output":"json","expires":"Fri, 24 Sep 2021 07:45:19 +0200","generator":"reSmush.it rev.3.0.4.20210124"} 
[2021-09-24 05:40:39 : INFO] - Re_Smush_It_Task with attachment ID : 546, autocreated on : September 24, 2021 05:34:19 
[2021-09-24 05:40:39 : INFO] - 95 
[2021-09-24 05:40:42 : INFO] - Successfully optimized the image - /data/apache/domain/appgurus.ifuturz.com/www/wp-content/uploads/2021/09/Lorana-Jane.png.The file was compressed from 118.71 KB to 118.71 KB saving 0 percent using WP-Optimize 
[2021-09-24 05:40:43 : INFO] - Completed processing task with ID : 1, and type 'smush' 
[2021-09-24 05:40:43 : INFO] - Set semaphore last lock (smush) time to 2021-09-24 05:40:43 
[2021-09-24 05:40:43 : INFO] - Processing task with ID : 2, and type 'smush' 
[2021-09-24 05:40:43 : INFO] - Re_Smush_It_Task with attachment ID : 547, autocreated on : September 24, 2021 05:34:41 
[2021-09-24 05:40:43 : INFO] - 95 
[2021-09-24 05:40:45 : INFO] - Backing up the original image - 2021/09/UMOJI-updraft-pre-smush-original.png 
[2021-09-24 05:40:45 : INFO] - Re_Smush_It_Task with attachment ID : 547, autocreated on : September 24, 2021 05:34:41 
[2021-09-24 05:40:45 : INFO] - 95 
[2021-09-24 05:40:46 : INFO] - Re_Smush_It_Task with attachment ID : 547, autocreated on : September 24, 2021 05:34:41 
[2021-09-24 05:40:46 : INFO] - 95 
[2021-09-24 05:40:48 : INFO] - Re_Smush_It_Task with attachment ID : 547, autocreated on : September 24, 2021 05:34:41 
[2021-09-24 05:40:48 : INFO] - 95 
[2021-09-24 05:40:51 : INFO] - Successfully optimized the image - /data/apache/domain/appgurus.ifuturz.com/www/wp-content/uploads/2021/09/UMOJI.png.The file was compressed from 71.59 KB to 71.59 KB saving 0 percent using WP-Optimize 
[2021-09-24 05:40:51 : INFO] - Completed processing task with ID : 2, and type 'smush' 
[2021-09-24 05:40:51 : INFO] - Processing task with ID : 3, and type 'smush' 
[2021-09-24 05:40:52 : INFO] - Re_Smush_It_Task with attachment ID : 548, autocreated on : September 24, 2021 05:34:54 
[2021-09-24 05:40:52 : INFO] - 95 
[2021-09-24 05:41:00 : INFO] - Backing up the original image - 2021/09/instant-consult-updraft-pre-smush-original.png 
[2021-09-24 05:41:00 : INFO] - Re_Smush_It_Task with attachment ID : 548, autocreated on : September 24, 2021 05:34:54 
[2021-09-24 05:41:00 : INFO] - 95 
[2021-09-24 05:41:10 : INFO] - Task with ID 3 and type (smush) failed with error code http_request_failed - cURL error 28: Resolving timed out after 10520 milliseconds 
[2021-09-24 05:41:11 : INFO] - Cannot establish connection with reSmush.it webservice. Please try later 
[2021-09-24 05:41:11 : INFO] - Re_Smush_It_Task with attachment ID : 548, autocreated on : September 24, 2021 05:34:54 
[2021-09-24 05:41:11 : INFO] - 95 
[2021-09-24 05:41:20 : INFO] - Re_Smush_It_Task with attachment ID : 548, autocreated on : September 24, 2021 05:34:54 
[2021-09-24 05:41:20 : INFO] - 95 
[2021-09-24 05:41:30 : INFO] - Successfully optimized the image - /data/apache/domain/appgurus.ifuturz.com/www/wp-content/uploads/2021/09/instant-consult.png.The file was compressed from 102.72 KB to 102.72 KB saving 0 percent using WP-Optimize 
[2021-09-24 05:41:30 : INFO] - Completed processing task with ID : 3, and type 'smush' 
[2021-09-24 05:41:30 : INFO] - Set semaphore last lock (smush) time to 2021-09-24 05:41:30 
[2021-09-24 05:41:30 : INFO] - Processing task with ID : 4, and type 'smush' 
[2021-09-24 05:41:30 : INFO] - Re_Smush_It_Task with attachment ID : 549, autocreated on : September 24, 2021 05:35:10 
[2021-09-24 05:41:30 : INFO] - 95 
[2021-09-24 05:41:33 : INFO] - Backing up the original image - 2021/09/Linx-updraft-pre-smush-original.png 
[2021-09-24 05:41:33 : INFO] - Re_Smush_It_Task with attachment ID : 549, autocreated on : September 24, 2021 05:35:10 
[2021-09-24 05:41:33 : INFO] - 95 
[2021-09-24 05:41:35 : INFO] - Re_Smush_It_Task with attachment ID : 549, autocreated on : September 24, 2021 05:35:10 
[2021-09-24 05:41:35 : INFO] - 95 
[2021-09-24 05:41:38 : INFO] - Re_Smush_It_Task with attachment ID : 549, autocreated on : September 24, 2021 05:35:10 
[2021-09-24 05:41:38 : INFO] - 95 
[2021-09-24 05:41:50 : INFO] - Task with ID 4 and type (smush) failed with error code invalid_response - The compression apparently succeeded, but WP-Optimize could not retrieve the compressed image from the remote server. 
[2021-09-24 05:41:50 : INFO] - data: {"src":"http:\/\/par3.static.resmush.it\/655c948a8a75bbb4b3350f92b34dabed\/_src_Linx-768x732.png","dest":"http:\/\/par3.static.resmush.it\/655c948a8a75bbb4b3350f92b34dabed\/Linx-768x732.png","src_size":420521,"dest_size":124509,"percent":70,"output":"json","expires":"Fri, 24 Sep 2021 07:46:44 +0200","generator":"reSmush.it rev.3.0.4.20210124"} 
[2021-09-24 05:41:50 : INFO] - Successfully optimized the image - /data/apache/domain/appgurus.ifuturz.com/www/wp-content/uploads/2021/09/Linx.png.The file was compressed from 77.68 KB to 77.68 KB saving 0 percent using WP-Optimize 
[2021-09-24 05:41:51 : INFO] - Completed processing task with ID : 4, and type 'smush' 
[2021-09-24 05:41:51 : INFO] - Set semaphore last lock (smush) time to 2021-09-24 05:41:51 
[2021-09-24 05:41:51 : INFO] - Processing task with ID : 5, and type 'smush' 
[2021-09-24 05:41:51 : INFO] - Re_Smush_It_Task with attachment ID : 550, autocreated on : September 24, 2021 05:35:32 
[2021-09-24 05:41:51 : INFO] - 95 
[2021-09-24 05:41:54 : INFO] - Backing up the original image - 2021/09/Kisbooks-updraft-pre-smush-original.png 
[2021-09-24 05:41:54 : INFO] - Re_Smush_It_Task with attachment ID : 550, autocreated on : September 24, 2021 05:35:32 
[2021-09-24 05:41:54 : INFO] - 95 
[2021-09-24 05:41:56 : INFO] - Re_Smush_It_Task with attachment ID : 550, autocreated on : September 24, 2021 05:35:32 
[2021-09-24 05:41:56 : INFO] - 95 
[2021-09-24 05:41:57 : INFO] - Re_Smush_It_Task with attachment ID : 550, autocreated on : September 24, 2021 05:35:32 
[2021-09-24 05:41:57 : INFO] - 95 
[2021-09-24 05:41:59 : INFO] - Successfully optimized the image - /data/apache/domain/appgurus.ifuturz.com/www/wp-content/uploads/2021/09/Kisbooks.png.The file was compressed from 48.49 KB to 48.49 KB saving 0 percent using WP-Optimize 
[2021-09-24 05:42:00 : INFO] - Completed processing task with ID : 5, and type 'smush' 
[2021-09-24 05:42:00 : INFO] - Processing task with ID : 6, and type 'smush' 
[2021-09-24 05:42:00 : INFO] - Re_Smush_It_Task with attachment ID : 551, autocreated on : September 24, 2021 05:35:46 
[2021-09-24 05:42:00 : INFO] - 95 
[2021-09-24 05:50:13 : INFO] - 
 
[2021-09-24 05:50:13 : INFO] - Header for logs at time:  Fri, 24 Sep 2021 05:50:13 +0000 on http://appgurus.ifuturz.com 
[2021-09-24 05:50:13 : INFO] - WP: 5.4 
[2021-09-24 05:50:13 : INFO] - PHP: 7.2.34 (cgi-fcgi, Linux development.ifuturz.com 3.10.0-1062.9.1.el7.x86_64 #1 SMP Fri Dec 6 15:49:49 UTC 2019 x86_64) 
[2021-09-24 05:50:13 : INFO] - MySQL: 5.7.29 
[2021-09-24 05:50:13 : INFO] - WPLANG: en_US 
[2021-09-24 05:50:13 : INFO] - Server: Apache 
[2021-09-24 05:50:13 : INFO] - Outbound connections: N 
[2021-09-24 05:50:13 : INFO] - safe_mode: 0 
[2021-09-24 05:50:13 : INFO] - max_execution_time: 30000 
[2021-09-24 05:50:13 : INFO] - memory_limit: 128M (used: 27M | 28M) 
[2021-09-24 05:50:13 : INFO] - multisite: N 
[2021-09-24 05:50:13 : INFO] - openssl: OpenSSL 1.0.2k  26 Jan 2017 
[2021-09-24 05:50:13 : INFO] - A total of 5 tasks of type smush found and will be processed in this iteration 
[2021-09-24 05:50:13 : INFO] - Semaphore (smush, ag_options) was stuck, set lock time to 2021-09-24 05:50:13 
[2021-09-24 05:50:13 : INFO] - Semaphore (smush, ag_options) reset to 1 
[2021-09-24 05:50:13 : INFO] - Set semaphore last lock (smush) time to 2021-09-24 05:50:13 
[2021-09-24 05:50:13 : INFO] - Semaphore lock (smush) complete 
[2021-09-24 05:50:13 : INFO] - Processing task with ID : 6, and type 'smush' 
[2021-09-24 05:50:13 : INFO] - Re_Smush_It_Task with attachment ID : 551, autocreated on : September 24, 2021 05:35:46 
[2021-09-24 05:50:13 : INFO] - 95 
[2021-09-24 05:50:16 : INFO] - Backing up the original image - 2021/09/Property-Calculator-updraft-pre-smush-original.png 
[2021-09-24 05:50:16 : INFO] - Re_Smush_It_Task with attachment ID : 551, autocreated on : September 24, 2021 05:35:46 
[2021-09-24 05:50:16 : INFO] - 95 
[2021-09-24 05:50:18 : INFO] - Re_Smush_It_Task with attachment ID : 551, autocreated on : September 24, 2021 05:35:46 
[2021-09-24 05:50:18 : INFO] - 95 
[2021-09-24 05:50:20 : INFO] - Re_Smush_It_Task with attachment ID : 551, autocreated on : September 24, 2021 05:35:46 
[2021-09-24 05:50:20 : INFO] - 95 
[2021-09-24 05:50:23 : INFO] - Successfully optimized the image - /data/apache/domain/appgurus.ifuturz.com/www/wp-content/uploads/2021/09/Property-Calculator.png.The file was compressed from 84.69 KB to 84.69 KB saving 0 percent using WP-Optimize 
[2021-09-24 05:50:23 : INFO] - Completed processing task with ID : 6, and type 'smush' 
[2021-09-24 05:50:23 : INFO] - Processing task with ID : 7, and type 'smush' 
[2021-09-24 05:50:24 : INFO] - Re_Smush_It_Task with attachment ID : 552, autocreated on : September 24, 2021 05:36:05 
[2021-09-24 05:50:24 : INFO] - 95 
[2021-09-24 05:50:27 : INFO] - Backing up the original image - 2021/09/Archer-updraft-pre-smush-original.png 
[2021-09-24 05:50:27 : INFO] - Re_Smush_It_Task with attachment ID : 552, autocreated on : September 24, 2021 05:36:05 
[2021-09-24 05:50:27 : INFO] - 95 
[2021-09-24 05:50:29 : INFO] - Re_Smush_It_Task with attachment ID : 552, autocreated on : September 24, 2021 05:36:05 
[2021-09-24 05:50:29 : INFO] - 95 
[2021-09-24 05:50:30 : INFO] - Re_Smush_It_Task with attachment ID : 552, autocreated on : September 24, 2021 05:36:05 
[2021-09-24 05:50:30 : INFO] - 95 
[2021-09-24 05:50:36 : INFO] - Successfully optimized the image - /data/apache/domain/appgurus.ifuturz.com/www/wp-content/uploads/2021/09/Archer.png.The file was compressed from 67.57 KB to 67.57 KB saving 0 percent using WP-Optimize 
[2021-09-24 05:50:36 : INFO] - Completed processing task with ID : 7, and type 'smush' 
[2021-09-24 05:50:36 : INFO] - Set semaphore last lock (smush) time to 2021-09-24 05:50:36 
[2021-09-24 05:50:36 : INFO] - Processing task with ID : 8, and type 'smush' 
[2021-09-24 05:50:36 : INFO] - Re_Smush_It_Task with attachment ID : 553, autocreated on : September 24, 2021 05:36:19 
[2021-09-24 05:50:36 : INFO] - 95 
[2021-09-24 05:50:43 : INFO] - Task with ID 8 and type (smush) failed with error code invalid_response - The compression apparently succeeded, but WP-Optimize could not retrieve the compressed image from the remote server. 
[2021-09-24 05:50:43 : INFO] - data: {"src":"http:\/\/par3.static.resmush.it\/7ec15fa27d2cda8b5f2051c6d9106d95\/_src_Act-Companion.png","dest":"http:\/\/par3.static.resmush.it\/7ec15fa27d2cda8b5f2051c6d9106d95\/Act-Companion.png","src_size":69985,"dest_size":69985,"percent":0,"output":"json","expires":"Fri, 24 Sep 2021 07:55:37 +0200","generator":"reSmush.it rev.3.0.4.20210124"} 
[2021-09-24 05:50:43 : INFO] - Re_Smush_It_Task with attachment ID : 553, autocreated on : September 24, 2021 05:36:19 
[2021-09-24 05:50:43 : INFO] - 95 
[2021-09-24 05:50:46 : INFO] - Re_Smush_It_Task with attachment ID : 553, autocreated on : September 24, 2021 05:36:19 
[2021-09-24 05:50:46 : INFO] - 95 
[2021-09-24 05:50:48 : INFO] - Re_Smush_It_Task with attachment ID : 553, autocreated on : September 24, 2021 05:36:19 
[2021-09-24 05:50:48 : INFO] - 95 
[2021-09-24 05:50:57 : INFO] - Successfully optimized the image - /data/apache/domain/appgurus.ifuturz.com/www/wp-content/uploads/2021/09/Act-Companion.png.The file was compressed from 68.34 KB to 68.34 KB saving 0 percent using WP-Optimize 
[2021-09-24 05:50:57 : INFO] - Completed processing task with ID : 8, and type 'smush' 
[2021-09-24 05:50:57 : INFO] - Set semaphore last lock (smush) time to 2021-09-24 05:50:57 
[2021-09-24 05:50:57 : INFO] - Processing task with ID : 9, and type 'smush' 
[2021-09-24 05:50:57 : INFO] - Re_Smush_It_Task with attachment ID : 554, autocreated on : September 24, 2021 05:36:34 
[2021-09-24 05:50:57 : INFO] - 95 
[2021-09-24 05:51:00 : INFO] - Backing up the original image - 2021/09/Home-Weathy-updraft-pre-smush-original.png 
[2021-09-24 05:51:00 : INFO] - Re_Smush_It_Task with attachment ID : 554, autocreated on : September 24, 2021 05:36:34 
[2021-09-24 05:51:00 : INFO] - 95 
[2021-09-24 05:51:11 : INFO] - Task with ID 9 and type (smush) failed with error code http_request_failed - cURL error 28: Resolving timed out after 10517 milliseconds 
[2021-09-24 05:51:11 : INFO] - Cannot establish connection with reSmush.it webservice. Please try later 
[2021-09-24 05:51:11 : INFO] - Re_Smush_It_Task with attachment ID : 554, autocreated on : September 24, 2021 05:36:34 
[2021-09-24 05:51:11 : INFO] - 95 
[2021-09-24 05:51:20 : INFO] - Re_Smush_It_Task with attachment ID : 554, autocreated on : September 24, 2021 05:36:34 
[2021-09-24 05:51:20 : INFO] - 95 
[2021-09-24 05:51:22 : INFO] - Successfully optimized the image - /data/apache/domain/appgurus.ifuturz.com/www/wp-content/uploads/2021/09/Home-Weathy.png.The file was compressed from 35.34 KB to 35.34 KB saving 0 percent using WP-Optimize 
[2021-09-24 05:51:22 : INFO] - Completed processing task with ID : 9, and type 'smush' 
[2021-09-24 05:51:22 : INFO] - Set semaphore last lock (smush) time to 2021-09-24 05:51:22 
[2021-09-24 05:51:22 : INFO] - Processing task with ID : 10, and type 'smush' 
[2021-09-24 05:51:22 : INFO] - Re_Smush_It_Task with attachment ID : 555, autocreated on : September 24, 2021 05:36:52 
[2021-09-24 05:51:22 : INFO] - 95 
[2021-09-24 05:51:30 : INFO] - Backing up the original image - 2021/09/Rise-updraft-pre-smush-original.png 
[2021-09-24 05:51:30 : INFO] - Re_Smush_It_Task with attachment ID : 555, autocreated on : September 24, 2021 05:36:52 
[2021-09-24 05:51:30 : INFO] - 95 
[2021-09-24 05:51:32 : INFO] - Re_Smush_It_Task with attachment ID : 555, autocreated on : September 24, 2021 05:36:52 
[2021-09-24 05:51:32 : INFO] - 95 
[2021-09-24 05:51:34 : INFO] - Re_Smush_It_Task with attachment ID : 555, autocreated on : September 24, 2021 05:36:52 
[2021-09-24 05:51:34 : INFO] - 95 
[2021-09-24 05:51:42 : INFO] - Successfully optimized the image - /data/apache/domain/appgurus.ifuturz.com/www/wp-content/uploads/2021/09/Rise.png.The file was compressed from 59.77 KB to 59.77 KB saving 0 percent using WP-Optimize 
[2021-09-24 05:51:42 : INFO] - Completed processing task with ID : 10, and type 'smush' 
[2021-09-24 05:51:42 : INFO] - Set semaphore last lock (smush) time to 2021-09-24 05:51:42 
[2021-09-24 05:51:42 : INFO] - Decremented the semaphore (smush) by 1 
[2021-09-24 05:51:42 : INFO] - Semaphore (smush) unlocked 
[2021-09-24 05:51:42 : INFO] - Successfully processed the queue (smush). 5 tasks were processed out of 5. 
[2021-09-24 05:51:43 : INFO] - Semaphore (smush, ag_options) was successfully cleaned up 
[2021-09-24 05:51:43 : INFO] - Cleaning up tasks of type (smush). A total of 10 tasks will be deleted. 
[2021-09-24 06:01:38 : INFO] - 
 
[2021-09-24 06:01:38 : INFO] - Header for logs at time:  Fri, 24 Sep 2021 06:01:38 +0000 on http://appgurus.ifuturz.com 
[2021-09-24 06:01:38 : INFO] - WP: 5.4 
[2021-09-24 06:01:38 : INFO] - PHP: 7.2.34 (cgi-fcgi, Linux development.ifuturz.com 3.10.0-1062.9.1.el7.x86_64 #1 SMP Fri Dec 6 15:49:49 UTC 2019 x86_64) 
[2021-09-24 06:01:38 : INFO] - MySQL: 5.7.29 
[2021-09-24 06:01:38 : INFO] - WPLANG: en_US 
[2021-09-24 06:01:38 : INFO] - Server: Apache 
[2021-09-24 06:01:38 : INFO] - Outbound connections: N 
[2021-09-24 06:01:38 : INFO] - safe_mode: 0 
[2021-09-24 06:01:38 : INFO] - max_execution_time: 30000 
[2021-09-24 06:01:38 : INFO] - memory_limit: 128M (used: 27M | 28M) 
[2021-09-24 06:01:38 : INFO] - multisite: N 
[2021-09-24 06:01:38 : INFO] - openssl: OpenSSL 1.0.2k  26 Jan 2017 
[2021-09-24 06:01:38 : INFO] - The queue for tasks of type "smush" is empty. Aborting! 
[2021-09-24 09:38:41 : INFO] - Re_Smush_It_Task with attachment ID : 568, autocreated on : September 24, 2021 09:38:41 
[2021-09-24 09:40:15 : INFO] - Re_Smush_It_Task with attachment ID : 571, autocreated on : September 24, 2021 09:40:15 
[2021-09-24 09:42:06 : INFO] - Re_Smush_It_Task with attachment ID : 574, autocreated on : September 24, 2021 09:42:04 
[2021-09-24 09:43:51 : INFO] - 
 
[2021-09-24 09:43:51 : INFO] - Header for logs at time:  Fri, 24 Sep 2021 09:43:51 +0000 on http://appgurus.ifuturz.com 
[2021-09-24 09:43:51 : INFO] - WP: 5.4 
[2021-09-24 09:43:51 : INFO] - PHP: 7.2.34 (cgi-fcgi, Linux development.ifuturz.com 3.10.0-1062.9.1.el7.x86_64 #1 SMP Fri Dec 6 15:49:49 UTC 2019 x86_64) 
[2021-09-24 09:43:51 : INFO] - MySQL: 5.7.29 
[2021-09-24 09:43:51 : INFO] - WPLANG: en_US 
[2021-09-24 09:43:51 : INFO] - Server: Apache 
[2021-09-24 09:43:51 : INFO] - Outbound connections: N 
[2021-09-24 09:43:51 : INFO] - safe_mode: 0 
[2021-09-24 09:43:51 : INFO] - max_execution_time: 30000 
[2021-09-24 09:43:51 : INFO] - memory_limit: 128M (used: 27.2M | 28M) 
[2021-09-24 09:43:51 : INFO] - multisite: N 
[2021-09-24 09:43:51 : INFO] - openssl: OpenSSL 1.0.2k  26 Jan 2017 
[2021-09-24 09:43:51 : INFO] - A total of 3 tasks of type smush found and will be processed in this iteration 
[2021-09-24 09:43:52 : INFO] - Set semaphore last lock (smush) time to 2021-09-24 09:43:52 
[2021-09-24 09:43:52 : INFO] - Semaphore lock (smush) complete 
[2021-09-24 09:43:53 : INFO] - Processing task with ID : 11, and type 'smush' 
[2021-09-24 09:43:54 : INFO] - Re_Smush_It_Task with attachment ID : 568, autocreated on : September 24, 2021 09:38:41 
[2021-09-24 09:43:54 : INFO] - 95 
[2021-09-24 09:44:01 : INFO] - Task with ID 11 and type (smush) failed with error code invalid_response - The compression apparently succeeded, but WP-Optimize could not retrieve the compressed image from the remote server. 
[2021-09-24 09:44:01 : INFO] - data: {"src":"http:\/\/par4.static.resmush.it\/8d35159a7887d377911736c4a36da09d\/_src_native-image-1.jpg","dest":"http:\/\/par4.static.resmush.it\/8d35159a7887d377911736c4a36da09d\/native-image-1.jpg","src_size":359953,"dest_size":149111,"percent":59,"output":"json","expires":"Fri, 24 Sep 2021 11:48:55 +0200","generator":"reSmush.it rev.3.0.4.20210124"} 
[2021-09-24 09:44:01 : INFO] - Re_Smush_It_Task with attachment ID : 568, autocreated on : September 24, 2021 09:38:41 
[2021-09-24 09:44:01 : INFO] - 95 
[2021-09-24 09:44:11 : INFO] - Re_Smush_It_Task with attachment ID : 568, autocreated on : September 24, 2021 09:38:41 
[2021-09-24 09:44:11 : INFO] - 95 
[2021-09-24 09:44:23 : INFO] - Task with ID 11 and type (smush) failed with error code invalid_response - The compression apparently succeeded, but WP-Optimize could not retrieve the compressed image from the remote server. 
[2021-09-24 09:44:23 : INFO] - data: {"src":"http:\/\/par4.static.resmush.it\/aad9226ceba59838c30485b598e4df60\/_src_native-image-1-1024x576.jpg","dest":"http:\/\/par4.static.resmush.it\/aad9226ceba59838c30485b598e4df60\/native-image-1-1024x576.jpg","src_size":77337,"dest_size":77337,"percent":0,"output":"json","expires":"Fri, 24 Sep 2021 11:49:17 +0200","generator":"reSmush.it rev.3.0.4.20210124"} 
[2021-09-24 09:44:23 : INFO] - Re_Smush_It_Task with attachment ID : 568, autocreated on : September 24, 2021 09:38:41 
[2021-09-24 09:44:23 : INFO] - 95 
[2021-09-24 09:44:29 : INFO] - Re_Smush_It_Task with attachment ID : 577, autocreated on : September 24, 2021 09:44:28 
[2021-09-24 09:44:30 : INFO] - Re_Smush_It_Task with attachment ID : 568, autocreated on : September 24, 2021 09:38:41 
[2021-09-24 09:44:30 : INFO] - 95 
[2021-09-24 09:44:34 : INFO] - Successfully optimized the image - /data/apache/domain/appgurus.ifuturz.com/www/wp-content/uploads/2021/09/native-image-1.jpg.The file was compressed from 351.52 KB to 351.52 KB saving 0 percent using WP-Optimize 
[2021-09-24 09:44:35 : INFO] - Completed processing task with ID : 11, and type 'smush' 
[2021-09-24 09:44:35 : INFO] - Set semaphore last lock (smush) time to 2021-09-24 09:44:35 
[2021-09-24 09:44:35 : INFO] - Processing task with ID : 12, and type 'smush' 
[2021-09-24 09:44:35 : INFO] - Re_Smush_It_Task with attachment ID : 571, autocreated on : September 24, 2021 09:40:15 
[2021-09-24 09:44:35 : INFO] - 95 
[2021-09-24 09:44:46 : INFO] - Task with ID 12 and type (smush) failed with error code http_request_failed - cURL error 28: Resolving timed out after 10519 milliseconds 
[2021-09-24 09:44:46 : INFO] - Cannot establish connection with reSmush.it webservice. Please try later 
[2021-09-24 09:44:46 : INFO] - Re_Smush_It_Task with attachment ID : 571, autocreated on : September 24, 2021 09:40:15 
[2021-09-24 09:44:46 : INFO] - 95 
[2021-09-24 09:44:53 : INFO] - Re_Smush_It_Task with attachment ID : 571, autocreated on : September 24, 2021 09:40:15 
[2021-09-24 09:44:53 : INFO] - 95 
[2021-09-24 09:44:54 : INFO] - Successfully optimized the image - /data/apache/domain/appgurus.ifuturz.com/www/wp-content/uploads/2021/09/istock_000021187964xxlarge-e1512793816425.jpg.The file was compressed from 72.46 KB to 72.46 KB saving 0 percent using WP-Optimize 
[2021-09-24 09:44:55 : INFO] - Completed processing task with ID : 12, and type 'smush' 
[2021-09-24 09:44:55 : INFO] - Set semaphore last lock (smush) time to 2021-09-24 09:44:55 
[2021-09-24 09:44:55 : INFO] - Processing task with ID : 13, and type 'smush' 
[2021-09-24 09:44:55 : INFO] - Re_Smush_It_Task with attachment ID : 574, autocreated on : September 24, 2021 09:42:04 
[2021-09-24 09:44:55 : INFO] - 95 
[2021-09-24 09:45:03 : INFO] - Backing up the original image - 2021/09/istock_000027732312xxlarge-e1512792844811-updraft-pre-smush-original.jpg 
[2021-09-24 09:45:03 : INFO] - Re_Smush_It_Task with attachment ID : 574, autocreated on : September 24, 2021 09:42:04 
[2021-09-24 09:45:03 : INFO] - 95 
[2021-09-24 09:45:12 : INFO] - Re_Smush_It_Task with attachment ID : 574, autocreated on : September 24, 2021 09:42:04 
[2021-09-24 09:45:12 : INFO] - 95 
[2021-09-24 09:45:23 : INFO] - Successfully optimized the image - /data/apache/domain/appgurus.ifuturz.com/www/wp-content/uploads/2021/09/istock_000027732312xxlarge-e1512792844811.jpg.The file was compressed from 43.19 KB to 40.15 KB saving 7.03 percent using WP-Optimize 
[2021-09-24 09:45:23 : INFO] - Completed processing task with ID : 13, and type 'smush' 
[2021-09-24 09:45:23 : INFO] - Set semaphore last lock (smush) time to 2021-09-24 09:45:23 
[2021-09-24 09:45:23 : INFO] - Decremented the semaphore (smush) by 1 
[2021-09-24 09:45:23 : INFO] - Semaphore (smush) unlocked 
[2021-09-24 09:45:23 : INFO] - Successfully processed the queue (smush). 3 tasks were processed out of 3. 
[2021-09-24 09:45:23 : INFO] - Semaphore (smush, ag_options) was successfully cleaned up 
[2021-09-24 09:46:27 : INFO] - Re_Smush_It_Task with attachment ID : 580, autocreated on : September 24, 2021 09:46:27 
[2021-09-24 09:48:08 : INFO] - Re_Smush_It_Task with attachment ID : 583, autocreated on : September 24, 2021 09:48:08 
[2021-09-24 09:54:56 : INFO] - 
 
[2021-09-24 09:54:56 : INFO] - Header for logs at time:  Fri, 24 Sep 2021 09:54:56 +0000 on http://appgurus.ifuturz.com 
[2021-09-24 09:54:56 : INFO] - WP: 5.4 
[2021-09-24 09:54:56 : INFO] - PHP: 7.2.34 (cgi-fcgi, Linux development.ifuturz.com 3.10.0-1062.9.1.el7.x86_64 #1 SMP Fri Dec 6 15:49:49 UTC 2019 x86_64) 
[2021-09-24 09:54:56 : INFO] - MySQL: 5.7.29 
[2021-09-24 09:54:56 : INFO] - WPLANG: en_US 
[2021-09-24 09:54:56 : INFO] - Server: Apache 
[2021-09-24 09:54:56 : INFO] - Outbound connections: N 
[2021-09-24 09:54:56 : INFO] - safe_mode: 0 
[2021-09-24 09:54:56 : INFO] - max_execution_time: 30000 
[2021-09-24 09:54:56 : INFO] - memory_limit: 128M (used: 27M | 28M) 
[2021-09-24 09:54:56 : INFO] - multisite: N 
[2021-09-24 09:54:56 : INFO] - openssl: OpenSSL 1.0.2k  26 Jan 2017 
[2021-09-24 09:54:56 : INFO] - A total of 3 tasks of type smush found and will be processed in this iteration 
[2021-09-24 09:54:57 : INFO] - Set semaphore last lock (smush) time to 2021-09-24 09:54:57 
[2021-09-24 09:54:57 : INFO] - Semaphore lock (smush) complete 
[2021-09-24 09:54:57 : INFO] - Processing task with ID : 14, and type 'smush' 
[2021-09-24 09:54:57 : INFO] - Re_Smush_It_Task with attachment ID : 577, autocreated on : September 24, 2021 09:44:28 
[2021-09-24 09:54:57 : INFO] - 95 
[2021-09-24 09:55:04 : INFO] - Backing up the original image - 2021/09/istock_000039873160xxxlarge-e1512795870887-updraft-pre-smush-original.jpg 
[2021-09-24 09:55:04 : INFO] - Re_Smush_It_Task with attachment ID : 577, autocreated on : September 24, 2021 09:44:28 
[2021-09-24 09:55:04 : INFO] - 95 
[2021-09-24 09:55:05 : INFO] - Re_Smush_It_Task with attachment ID : 577, autocreated on : September 24, 2021 09:44:28 
[2021-09-24 09:55:05 : INFO] - 95 
[2021-09-24 09:55:11 : INFO] - Task with ID 14 and type (smush) failed with error code invalid_response - The compression apparently succeeded, but WP-Optimize could not retrieve the compressed image from the remote server. 
[2021-09-24 09:55:12 : INFO] - data: {"src":"http:\/\/par3.static.resmush.it\/3f19f315020aba6da262d414e8363b3d\/_src_istock_000039873160xxxlarge-e1512795870887-150x150.jpg","dest":"http:\/\/par3.static.resmush.it\/3f19f315020aba6da262d414e8363b3d\/istock_000039873160xxxlarge-e1512795870887-150x150.jpg","src_size":4552,"dest_size":4552,"percent":0,"output":"json","expires":"Fri, 24 Sep 2021 12:00:06 +0200","generator":"reSmush.it rev.3.0.4.20210124"} 
[2021-09-24 09:55:12 : INFO] - Successfully optimized the image - /data/apache/domain/appgurus.ifuturz.com/www/wp-content/uploads/2021/09/istock_000039873160xxxlarge-e1512795870887.jpg.The file was compressed from 37.53 KB to 36.46 KB saving 2.84 percent using WP-Optimize 
[2021-09-24 09:55:12 : INFO] - Completed processing task with ID : 14, and type 'smush' 
[2021-09-24 09:55:12 : INFO] - Processing task with ID : 15, and type 'smush' 
[2021-09-24 09:55:12 : INFO] - Re_Smush_It_Task with attachment ID : 580, autocreated on : September 24, 2021 09:46:27 
[2021-09-24 09:55:12 : INFO] - 95 
[2021-09-24 09:55:17 : INFO] - Backing up the original image - 2021/09/istock_000002161156large-e1512795546128-updraft-pre-smush-original.jpg 
[2021-09-24 09:55:17 : INFO] - Re_Smush_It_Task with attachment ID : 580, autocreated on : September 24, 2021 09:46:27 
[2021-09-24 09:55:17 : INFO] - 95 
[2021-09-24 09:55:18 : INFO] - Re_Smush_It_Task with attachment ID : 580, autocreated on : September 24, 2021 09:46:27 
[2021-09-24 09:55:18 : INFO] - 95 
[2021-09-24 09:55:19 : INFO] - Successfully optimized the image - /data/apache/domain/appgurus.ifuturz.com/www/wp-content/uploads/2021/09/istock_000002161156large-e1512795546128.jpg.The file was compressed from 71.96 KB to 68.21 KB saving 5.22 percent using WP-Optimize 
[2021-09-24 09:55:20 : INFO] - Completed processing task with ID : 15, and type 'smush' 
[2021-09-24 09:55:20 : INFO] - Set semaphore last lock (smush) time to 2021-09-24 09:55:20 
[2021-09-24 09:55:20 : INFO] - Processing task with ID : 16, and type 'smush' 
[2021-09-24 09:55:20 : INFO] - Re_Smush_It_Task with attachment ID : 583, autocreated on : September 24, 2021 09:48:08 
[2021-09-24 09:55:20 : INFO] - 95 
[2021-09-24 09:55:27 : INFO] - Task with ID 16 and type (smush) failed with error code invalid_response - The compression apparently succeeded, but WP-Optimize could not retrieve the compressed image from the remote server. 
[2021-09-24 09:55:27 : INFO] - data: {"src":"http:\/\/par3.static.resmush.it\/bce3e0fd5ea0fca5aa95d740b0915f30\/_src_screen-shot-2017-12-09-at-1.46.00-pm.png","dest":"http:\/\/par3.static.resmush.it\/bce3e0fd5ea0fca5aa95d740b0915f30\/screen-shot-2017-12-09-at-1.46.00-pm.png","src_size":265686,"dest_size":95563,"percent":64,"output":"json","expires":"Fri, 24 Sep 2021 12:00:21 +0200","generator":"reSmush.it rev.3.0.4.20210124"} 
[2021-09-24 09:55:27 : INFO] - Re_Smush_It_Task with attachment ID : 583, autocreated on : September 24, 2021 09:48:08 
[2021-09-24 09:55:27 : INFO] - 95 
[2021-09-24 09:55:29 : INFO] - Re_Smush_It_Task with attachment ID : 583, autocreated on : September 24, 2021 09:48:08 
[2021-09-24 09:55:29 : INFO] - 95 
[2021-09-24 09:55:30 : INFO] - Re_Smush_It_Task with attachment ID : 583, autocreated on : September 24, 2021 09:48:08 
[2021-09-24 09:55:30 : INFO] - 95 
[2021-09-24 09:55:38 : INFO] - Successfully optimized the image - /data/apache/domain/appgurus.ifuturz.com/www/wp-content/uploads/2021/09/screen-shot-2017-12-09-at-1.46.00-pm.png.The file was compressed from 259.46 KB to 259.46 KB saving 0 percent using WP-Optimize 
[2021-09-24 09:55:39 : INFO] - Completed processing task with ID : 16, and type 'smush' 
[2021-09-24 09:55:39 : INFO] - Decremented the semaphore (smush) by 1 
[2021-09-24 09:55:39 : INFO] - Semaphore (smush) unlocked 
[2021-09-24 09:55:39 : INFO] - Successfully processed the queue (smush). 3 tasks were processed out of 3. 
[2021-09-24 09:55:39 : INFO] - Semaphore (smush, ag_options) was successfully cleaned up 
[2021-09-24 09:55:39 : INFO] - Cleaning up tasks of type (smush). A total of 6 tasks will be deleted. 
[2021-09-24 10:05:02 : INFO] - 
 
[2021-09-24 10:05:02 : INFO] - Header for logs at time:  Fri, 24 Sep 2021 10:05:02 +0000 on http://appgurus.ifuturz.com 
[2021-09-24 10:05:02 : INFO] - WP: 5.4 
[2021-09-24 10:05:02 : INFO] - PHP: 7.2.34 (cgi-fcgi, Linux development.ifuturz.com 3.10.0-1062.9.1.el7.x86_64 #1 SMP Fri Dec 6 15:49:49 UTC 2019 x86_64) 
[2021-09-24 10:05:02 : INFO] - MySQL: 5.7.29 
[2021-09-24 10:05:02 : INFO] - WPLANG: en_US 
[2021-09-24 10:05:02 : INFO] - Server: Apache 
[2021-09-24 10:05:02 : INFO] - Outbound connections: N 
[2021-09-24 10:05:02 : INFO] - safe_mode: 0 
[2021-09-24 10:05:02 : INFO] - max_execution_time: 30000 
[2021-09-24 10:05:02 : INFO] - memory_limit: 128M (used: 27M | 28M) 
[2021-09-24 10:05:02 : INFO] - multisite: N 
[2021-09-24 10:05:02 : INFO] - openssl: OpenSSL 1.0.2k  26 Jan 2017 
[2021-09-24 10:05:02 : INFO] - The queue for tasks of type "smush" is empty. Aborting! 
[2021-09-24 12:12:04 : INFO] - Re_Smush_It_Task with attachment ID : 588, autocreated on : September 24, 2021 12:12:02 
[2021-09-24 12:17:33 : INFO] - 
 
[2021-09-24 12:17:33 : INFO] - Header for logs at time:  Fri, 24 Sep 2021 12:17:33 +0000 on http://appgurus.ifuturz.com 
[2021-09-24 12:17:33 : INFO] - WP: 5.4 
[2021-09-24 12:17:33 : INFO] - PHP: 7.2.34 (cgi-fcgi, Linux development.ifuturz.com 3.10.0-1062.9.1.el7.x86_64 #1 SMP Fri Dec 6 15:49:49 UTC 2019 x86_64) 
[2021-09-24 12:17:33 : INFO] - MySQL: 5.7.29 
[2021-09-24 12:17:33 : INFO] - WPLANG: en_US 
[2021-09-24 12:17:33 : INFO] - Server: Apache 
[2021-09-24 12:17:33 : INFO] - Outbound connections: N 
[2021-09-24 12:17:33 : INFO] - safe_mode: 0 
[2021-09-24 12:17:33 : INFO] - max_execution_time: 30000 
[2021-09-24 12:17:33 : INFO] - memory_limit: 128M (used: 26.9M | 28M) 
[2021-09-24 12:17:33 : INFO] - multisite: N 
[2021-09-24 12:17:33 : INFO] - openssl: OpenSSL 1.0.2k  26 Jan 2017 
[2021-09-24 12:17:33 : INFO] - A total of 1 tasks of type smush found and will be processed in this iteration 
[2021-09-24 12:17:33 : INFO] - Set semaphore last lock (smush) time to 2021-09-24 12:17:33 
[2021-09-24 12:17:33 : INFO] - Semaphore lock (smush) complete 
[2021-09-24 12:17:33 : INFO] - Processing task with ID : 1, and type 'smush' 
[2021-09-24 12:17:33 : INFO] - Re_Smush_It_Task with attachment ID : 588, autocreated on : September 24, 2021 12:12:02 
[2021-09-24 12:17:33 : INFO] - 95 
[2021-09-24 12:17:35 : INFO] - Backing up the original image - 2021/09/native-image-1-oc95kumq49lw16bb1iwu5vjmrjrofpy24jbobr2ze4-updraft-pre-smush-original.jpg 
[2021-09-24 12:17:35 : INFO] - Re_Smush_It_Task with attachment ID : 588, autocreated on : September 24, 2021 12:12:02 
[2021-09-24 12:17:35 : INFO] - 95 
[2021-09-24 12:17:36 : INFO] - Re_Smush_It_Task with attachment ID : 588, autocreated on : September 24, 2021 12:12:02 
[2021-09-24 12:17:36 : INFO] - 95 
[2021-09-24 12:17:39 : INFO] - Re_Smush_It_Task with attachment ID : 588, autocreated on : September 24, 2021 12:12:02 
[2021-09-24 12:17:39 : INFO] - 95 
[2021-09-24 12:17:42 : INFO] - Successfully optimized the image - /data/apache/domain/appgurus.ifuturz.com/www/wp-content/uploads/2021/09/native-image-1-oc95kumq49lw16bb1iwu5vjmrjrofpy24jbobr2ze4.jpg.The file was compressed from 36.08 KB to 34.95 KB saving 3.14 percent using WP-Optimize 
[2021-09-24 12:17:42 : INFO] - Completed processing task with ID : 1, and type 'smush' 
[2021-09-24 12:17:42 : INFO] - Decremented the semaphore (smush) by 1 
[2021-09-24 12:17:42 : INFO] - Semaphore (smush) unlocked 
[2021-09-24 12:17:42 : INFO] - Successfully processed the queue (smush). 1 tasks were processed out of 1. 
[2021-09-24 12:17:42 : INFO] - Semaphore (smush, ag_options) was successfully cleaned up 
[2021-09-24 12:17:42 : INFO] - Cleaning up tasks of type (smush). A total of 1 tasks will be deleted. 
[2021-09-24 12:27:49 : INFO] - 
 
[2021-09-24 12:27:49 : INFO] - Header for logs at time:  Fri, 24 Sep 2021 12:27:49 +0000 on http://appgurus.ifuturz.com 
[2021-09-24 12:27:49 : INFO] - WP: 5.4 
[2021-09-24 12:27:49 : INFO] - PHP: 7.2.34 (cgi-fcgi, Linux development.ifuturz.com 3.10.0-1062.9.1.el7.x86_64 #1 SMP Fri Dec 6 15:49:49 UTC 2019 x86_64) 
[2021-09-24 12:27:49 : INFO] - MySQL: 5.7.29 
[2021-09-24 12:27:49 : INFO] - WPLANG: en_US 
[2021-09-24 12:27:49 : INFO] - Server: Apache 
[2021-09-24 12:27:49 : INFO] - Outbound connections: N 
[2021-09-24 12:27:49 : INFO] - safe_mode: 0 
[2021-09-24 12:27:49 : INFO] - max_execution_time: 30000 
[2021-09-24 12:27:49 : INFO] - memory_limit: 128M (used: 26.9M | 28M) 
[2021-09-24 12:27:49 : INFO] - multisite: N 
[2021-09-24 12:27:49 : INFO] - openssl: OpenSSL 1.0.2k  26 Jan 2017 
[2021-09-24 12:27:49 : INFO] - The queue for tasks of type "smush" is empty. Aborting! 
[2021-09-28 10:04:27 : INFO] - Re_Smush_It_Task with attachment ID : 616, autocreated on : September 28, 2021 10:04:26 
[2021-09-28 10:10:14 : INFO] - 
 
[2021-09-28 10:10:14 : INFO] - Header for logs at time:  Tue, 28 Sep 2021 10:10:14 +0000 on http://appgurus.ifuturz.com 
[2021-09-28 10:10:14 : INFO] - WP: 5.4 
[2021-09-28 10:10:14 : INFO] - PHP: 7.2.34 (cgi-fcgi, Linux development.ifuturz.com 3.10.0-1062.9.1.el7.x86_64 #1 SMP Fri Dec 6 15:49:49 UTC 2019 x86_64) 
[2021-09-28 10:10:14 : INFO] - MySQL: 5.7.29 
[2021-09-28 10:10:14 : INFO] - WPLANG: en_US 
[2021-09-28 10:10:14 : INFO] - Server: Apache 
[2021-09-28 10:10:14 : INFO] - Outbound connections: N 
[2021-09-28 10:10:14 : INFO] - safe_mode: 0 
[2021-09-28 10:10:14 : INFO] - max_execution_time: 30000 
[2021-09-28 10:10:14 : INFO] - memory_limit: 128M (used: 31.8M | 34.3M) 
[2021-09-28 10:10:14 : INFO] - multisite: N 
[2021-09-28 10:10:14 : INFO] - openssl: OpenSSL 1.0.2k  26 Jan 2017 
[2021-09-28 10:10:14 : INFO] - A total of 1 tasks of type smush found and will be processed in this iteration 
[2021-09-28 10:10:14 : INFO] - Set semaphore last lock (smush) time to 2021-09-28 10:10:14 
[2021-09-28 10:10:14 : INFO] - Semaphore lock (smush) complete 
[2021-09-28 10:10:14 : INFO] - Processing task with ID : 2, and type 'smush' 
[2021-09-28 10:10:14 : INFO] - Re_Smush_It_Task with attachment ID : 616, autocreated on : September 28, 2021 10:04:26 
[2021-09-28 10:10:14 : INFO] - 95 
[2021-09-28 10:10:16 : INFO] - Backing up the original image - 2021/09/native-image-1-1-updraft-pre-smush-original.jpg 
[2021-09-28 10:10:16 : INFO] - Re_Smush_It_Task with attachment ID : 616, autocreated on : September 28, 2021 10:04:26 
[2021-09-28 10:10:16 : INFO] - 95 
[2021-09-28 10:10:22 : INFO] - Task with ID 2 and type (smush) failed with error code invalid_response - The compression apparently succeeded, but WP-Optimize could not retrieve the compressed image from the remote server. 
[2021-09-28 10:10:22 : INFO] - data: {"src":"http:\/\/par4.static.resmush.it\/fbeb628d5e9010e8bf803d9a89eb1e41\/_src_native-image-1-1-300x169.jpg","dest":"http:\/\/par4.static.resmush.it\/fbeb628d5e9010e8bf803d9a89eb1e41\/native-image-1-1-300x169.jpg","src_size":18476,"dest_size":18476,"percent":0,"output":"json","expires":"Tue, 28 Sep 2021 12:15:17 +0200","generator":"reSmush.it rev.3.0.4.20210124"} 
[2021-09-28 10:10:22 : INFO] - Re_Smush_It_Task with attachment ID : 616, autocreated on : September 28, 2021 10:04:26 
[2021-09-28 10:10:22 : INFO] - 95 
[2021-09-28 10:10:28 : INFO] - Re_Smush_It_Task with attachment ID : 616, autocreated on : September 28, 2021 10:04:26 
[2021-09-28 10:10:28 : INFO] - 95 
[2021-09-28 10:10:29 : INFO] - Re_Smush_It_Task with attachment ID : 616, autocreated on : September 28, 2021 10:04:26 
[2021-09-28 10:10:29 : INFO] - 95 
[2021-09-28 10:10:32 : INFO] - Successfully optimized the image - /data/apache/domain/appgurus.ifuturz.com/www/wp-content/uploads/2021/09/native-image-1-1.jpg.The file was compressed from 351.52 KB to 145.62 KB saving 58.57 percent using WP-Optimize 
[2021-09-28 10:10:32 : INFO] - Completed processing task with ID : 2, and type 'smush' 
[2021-09-28 10:10:32 : INFO] - Decremented the semaphore (smush) by 1 
[2021-09-28 10:10:32 : INFO] - Semaphore (smush) unlocked 
[2021-09-28 10:10:32 : INFO] - Successfully processed the queue (smush). 1 tasks were processed out of 1. 
[2021-09-28 10:10:33 : INFO] - Semaphore (smush, ag_options) was successfully cleaned up 
[2021-09-28 10:10:33 : INFO] - Cleaning up tasks of type (smush). A total of 1 tasks will be deleted. 
[2021-09-28 10:21:49 : INFO] - 
 
[2021-09-28 10:21:49 : INFO] - Header for logs at time:  Tue, 28 Sep 2021 10:21:49 +0000 on http://appgurus.ifuturz.com 
[2021-09-28 10:21:49 : INFO] - WP: 5.4 
[2021-09-28 10:21:49 : INFO] - PHP: 7.2.34 (cgi-fcgi, Linux development.ifuturz.com 3.10.0-1062.9.1.el7.x86_64 #1 SMP Fri Dec 6 15:49:49 UTC 2019 x86_64) 
[2021-09-28 10:21:49 : INFO] - MySQL: 5.7.29 
[2021-09-28 10:21:49 : INFO] - WPLANG: en_US 
[2021-09-28 10:21:49 : INFO] - Server: Apache 
[2021-09-28 10:21:49 : INFO] - Outbound connections: N 
[2021-09-28 10:21:49 : INFO] - safe_mode: 0 
[2021-09-28 10:21:49 : INFO] - max_execution_time: 30000 
[2021-09-28 10:21:49 : INFO] - memory_limit: 128M (used: 31.8M | 34.3M) 
[2021-09-28 10:21:49 : INFO] - multisite: N 
[2021-09-28 10:21:49 : INFO] - openssl: OpenSSL 1.0.2k  26 Jan 2017 
[2021-09-28 10:21:49 : INFO] - The queue for tasks of type "smush" is empty. Aborting! 
[2021-10-01 04:23:16 : INFO] - Re_Smush_It_Task with attachment ID : 632, autocreated on : October 01, 2021 04:23:16 
[2021-10-01 04:26:56 : INFO] - Re_Smush_It_Task with attachment ID : 635, autocreated on : October 01, 2021 04:26:55 
[2021-10-01 04:26:57 : INFO] - Re_Smush_It_Task with attachment ID : 636, autocreated on : October 01, 2021 04:26:57 
[2021-10-01 04:26:59 : INFO] - Re_Smush_It_Task with attachment ID : 637, autocreated on : October 01, 2021 04:26:58 
[2021-10-01 04:28:16 : INFO] - 
 
[2021-10-01 04:28:16 : INFO] - Header for logs at time:  Fri, 01 Oct 2021 04:28:16 +0000 on http://appgurus.ifuturz.com 
[2021-10-01 04:28:16 : INFO] - WP: 5.4 
[2021-10-01 04:28:16 : INFO] - PHP: 7.2.34 (cgi-fcgi, Linux development.ifuturz.com 3.10.0-1062.9.1.el7.x86_64 #1 SMP Fri Dec 6 15:49:49 UTC 2019 x86_64) 
[2021-10-01 04:28:16 : INFO] - MySQL: 5.7.29 
[2021-10-01 04:28:16 : INFO] - WPLANG: en_US 
[2021-10-01 04:28:16 : INFO] - Server: Apache 
[2021-10-01 04:28:16 : INFO] - Outbound connections: N 
[2021-10-01 04:28:16 : INFO] - safe_mode: 0 
[2021-10-01 04:28:16 : INFO] - max_execution_time: 30000 
[2021-10-01 04:28:16 : INFO] - memory_limit: 128M (used: 27M | 28M) 
[2021-10-01 04:28:16 : INFO] - multisite: N 
[2021-10-01 04:28:16 : INFO] - openssl: OpenSSL 1.0.2k  26 Jan 2017 
[2021-10-01 04:28:16 : INFO] - A total of 4 tasks of type smush found and will be processed in this iteration 
[2021-10-01 04:28:16 : INFO] - Set semaphore last lock (smush) time to 2021-10-01 04:28:16 
[2021-10-01 04:28:16 : INFO] - Semaphore lock (smush) complete 
[2021-10-01 04:28:17 : INFO] - Processing task with ID : 3, and type 'smush' 
[2021-10-01 04:28:17 : INFO] - Task with ID 3 and type (smush) failed with error code invalid_file_path - The linked attachment ID does not have a valid file path 
[2021-10-01 04:28:17 : INFO] - Processing task with ID : 4, and type 'smush' 
[2021-10-01 04:28:17 : INFO] - Re_Smush_It_Task with attachment ID : 635, autocreated on : October 01, 2021 04:26:55 
[2021-10-01 04:28:17 : INFO] - 95 
[2021-10-01 04:28:19 : INFO] - Backing up the original image - 2021/10/bob-updraft-pre-smush-original.jpg 
[2021-10-01 04:28:19 : INFO] - Re_Smush_It_Task with attachment ID : 635, autocreated on : October 01, 2021 04:26:55 
[2021-10-01 04:28:19 : INFO] - 95 
[2021-10-01 04:28:20 : INFO] - Re_Smush_It_Task with attachment ID : 635, autocreated on : October 01, 2021 04:26:55 
[2021-10-01 04:28:20 : INFO] - 95 
[2021-10-01 04:28:21 : INFO] - Successfully optimized the image - /data/apache/domain/appgurus.ifuturz.com/www/wp-content/uploads/2021/10/bob.jpg.The file was compressed from 45.03 KB to 43.10 KB saving 4.29 percent using WP-Optimize 
[2021-10-01 04:28:22 : INFO] - Completed processing task with ID : 4, and type 'smush' 
[2021-10-01 04:28:22 : INFO] - Processing task with ID : 5, and type 'smush' 
[2021-10-01 04:28:22 : INFO] - Re_Smush_It_Task with attachment ID : 636, autocreated on : October 01, 2021 04:26:57 
[2021-10-01 04:28:22 : INFO] - 95 
[2021-10-01 04:28:24 : INFO] - Backing up the original image - 2021/10/jo-updraft-pre-smush-original.jpg 
[2021-10-01 04:28:24 : INFO] - Re_Smush_It_Task with attachment ID : 636, autocreated on : October 01, 2021 04:26:57 
[2021-10-01 04:28:24 : INFO] - 95 
[2021-10-01 04:28:25 : INFO] - Re_Smush_It_Task with attachment ID : 636, autocreated on : October 01, 2021 04:26:57 
[2021-10-01 04:28:25 : INFO] - 95 
[2021-10-01 04:28:26 : INFO] - Successfully optimized the image - /data/apache/domain/appgurus.ifuturz.com/www/wp-content/uploads/2021/10/jo.jpg.The file was compressed from 102.65 KB to 96.11 KB saving 6.38 percent using WP-Optimize 
[2021-10-01 04:28:26 : INFO] - Completed processing task with ID : 5, and type 'smush' 
[2021-10-01 04:28:26 : INFO] - Processing task with ID : 6, and type 'smush' 
[2021-10-01 04:28:26 : INFO] - Re_Smush_It_Task with attachment ID : 637, autocreated on : October 01, 2021 04:26:58 
[2021-10-01 04:28:26 : INFO] - 95 
[2021-10-01 04:28:28 : INFO] - Backing up the original image - 2021/10/kerry-updraft-pre-smush-original.jpg 
[2021-10-01 04:28:28 : INFO] - Re_Smush_It_Task with attachment ID : 637, autocreated on : October 01, 2021 04:26:58 
[2021-10-01 04:28:28 : INFO] - 95 
[2021-10-01 04:28:35 : INFO] - Successfully optimized the image - /data/apache/domain/appgurus.ifuturz.com/www/wp-content/uploads/2021/10/kerry.jpg.The file was compressed from 10.45 KB to 9.05 KB saving 13.36 percent using WP-Optimize 
[2021-10-01 04:28:35 : INFO] - Completed processing task with ID : 6, and type 'smush' 
[2021-10-01 04:28:35 : INFO] - Decremented the semaphore (smush) by 1 
[2021-10-01 04:28:35 : INFO] - Semaphore (smush) unlocked 
[2021-10-01 04:28:35 : INFO] - Successfully processed the queue (smush). 4 tasks were processed out of 4. 
[2021-10-01 04:28:36 : INFO] - Semaphore (smush, ag_options) was successfully cleaned up 
[2021-10-01 04:28:36 : INFO] - Cleaning up tasks of type (smush). A total of 4 tasks will be deleted. 
[2021-10-01 04:38:19 : INFO] - 
 
[2021-10-01 04:38:19 : INFO] - Header for logs at time:  Fri, 01 Oct 2021 04:38:19 +0000 on http://appgurus.ifuturz.com 
[2021-10-01 04:38:19 : INFO] - WP: 5.4 
[2021-10-01 04:38:19 : INFO] - PHP: 7.2.34 (cgi-fcgi, Linux development.ifuturz.com 3.10.0-1062.9.1.el7.x86_64 #1 SMP Fri Dec 6 15:49:49 UTC 2019 x86_64) 
[2021-10-01 04:38:19 : INFO] - MySQL: 5.7.29 
[2021-10-01 04:38:19 : INFO] - WPLANG: en_US 
[2021-10-01 04:38:19 : INFO] - Server: Apache 
[2021-10-01 04:38:19 : INFO] - Outbound connections: N 
[2021-10-01 04:38:19 : INFO] - safe_mode: 0 
[2021-10-01 04:38:19 : INFO] - max_execution_time: 30000 
[2021-10-01 04:38:19 : INFO] - memory_limit: 128M (used: 32.1M | 34.3M) 
[2021-10-01 04:38:19 : INFO] - multisite: N 
[2021-10-01 04:38:19 : INFO] - openssl: OpenSSL 1.0.2k  26 Jan 2017 
[2021-10-01 04:38:19 : INFO] - The queue for tasks of type "smush" is empty. Aborting! 
[2021-10-01 05:00:07 : INFO] - Re_Smush_It_Task with attachment ID : 642, autocreated on : October 01, 2021 05:00:05 
[2021-10-01 05:06:51 : INFO] - 
 
[2021-10-01 05:06:51 : INFO] - Header for logs at time:  Fri, 01 Oct 2021 05:06:51 +0000 on http://appgurus.ifuturz.com 
[2021-10-01 05:06:51 : INFO] - WP: 5.4 
[2021-10-01 05:06:51 : INFO] - PHP: 7.2.34 (cgi-fcgi, Linux development.ifuturz.com 3.10.0-1062.9.1.el7.x86_64 #1 SMP Fri Dec 6 15:49:49 UTC 2019 x86_64) 
[2021-10-01 05:06:51 : INFO] - MySQL: 5.7.29 
[2021-10-01 05:06:51 : INFO] - WPLANG: en_US 
[2021-10-01 05:06:51 : INFO] - Server: Apache 
[2021-10-01 05:06:51 : INFO] - Outbound connections: N 
[2021-10-01 05:06:51 : INFO] - safe_mode: 0 
[2021-10-01 05:06:51 : INFO] - max_execution_time: 30000 
[2021-10-01 05:06:51 : INFO] - memory_limit: 128M (used: 32.8M | 34.3M) 
[2021-10-01 05:06:51 : INFO] - multisite: N 
[2021-10-01 05:06:51 : INFO] - openssl: OpenSSL 1.0.2k  26 Jan 2017 
[2021-10-01 05:06:51 : INFO] - A total of 1 tasks of type smush found and will be processed in this iteration 
[2021-10-01 05:06:51 : INFO] - Set semaphore last lock (smush) time to 2021-10-01 05:06:51 
[2021-10-01 05:06:51 : INFO] - Semaphore lock (smush) complete 
[2021-10-01 05:06:51 : INFO] - Processing task with ID : 7, and type 'smush' 
[2021-10-01 05:06:51 : INFO] - Re_Smush_It_Task with attachment ID : 642, autocreated on : October 01, 2021 05:00:05 
[2021-10-01 05:06:51 : INFO] - 95 
[2021-10-01 05:06:52 : INFO] - Backing up the original image - 2021/10/bda-e1633064446401-updraft-pre-smush-original.jpeg 
[2021-10-01 05:06:52 : INFO] - Re_Smush_It_Task with attachment ID : 642, autocreated on : October 01, 2021 05:00:05 
[2021-10-01 05:06:52 : INFO] - 95 
[2021-10-01 05:06:54 : INFO] - Successfully optimized the image - /data/apache/domain/appgurus.ifuturz.com/www/wp-content/uploads/2021/10/bda-e1633064446401.jpeg.The file was compressed from 1.11 KB to 1.11 KB saving 0 percent using WP-Optimize 
[2021-10-01 05:06:54 : INFO] - Completed processing task with ID : 7, and type 'smush' 
[2021-10-01 05:06:54 : INFO] - Decremented the semaphore (smush) by 1 
[2021-10-01 05:06:54 : INFO] - Semaphore (smush) unlocked 
[2021-10-01 05:06:54 : INFO] - Successfully processed the queue (smush). 1 tasks were processed out of 1. 
[2021-10-01 05:06:54 : INFO] - Semaphore (smush, ag_options) was successfully cleaned up 
[2021-10-01 05:06:54 : INFO] - Cleaning up tasks of type (smush). A total of 1 tasks will be deleted. 
[2021-10-01 05:16:58 : INFO] - 
 
[2021-10-01 05:16:58 : INFO] - Header for logs at time:  Fri, 01 Oct 2021 05:16:58 +0000 on http://appgurus.ifuturz.com 
[2021-10-01 05:16:58 : INFO] - WP: 5.4 
[2021-10-01 05:16:58 : INFO] - PHP: 7.2.34 (cgi-fcgi, Linux development.ifuturz.com 3.10.0-1062.9.1.el7.x86_64 #1 SMP Fri Dec 6 15:49:49 UTC 2019 x86_64) 
[2021-10-01 05:16:58 : INFO] - MySQL: 5.7.29 
[2021-10-01 05:16:58 : INFO] - WPLANG: en_US 
[2021-10-01 05:16:58 : INFO] - Server: Apache 
[2021-10-01 05:16:58 : INFO] - Outbound connections: N 
[2021-10-01 05:16:58 : INFO] - safe_mode: 0 
[2021-10-01 05:16:58 : INFO] - max_execution_time: 30000 
[2021-10-01 05:16:58 : INFO] - memory_limit: 128M (used: 32.8M | 34.3M) 
[2021-10-01 05:16:58 : INFO] - multisite: N 
[2021-10-01 05:16:58 : INFO] - openssl: OpenSSL 1.0.2k  26 Jan 2017 
[2021-10-01 05:16:58 : INFO] - The queue for tasks of type "smush" is empty. Aborting! 
[2021-10-01 13:44:01 : INFO] - Re_Smush_It_Task with attachment ID : 649, autocreated on : October 01, 2021 01:44:00 
[2021-10-01 13:44:04 : INFO] - Re_Smush_It_Task with attachment ID : 650, autocreated on : October 01, 2021 01:44:03 
[2021-10-01 13:44:06 : INFO] - Re_Smush_It_Task with attachment ID : 651, autocreated on : October 01, 2021 01:44:05 
[2021-10-01 13:44:08 : INFO] - Re_Smush_It_Task with attachment ID : 652, autocreated on : October 01, 2021 01:44:07 
[2021-10-01 13:44:09 : INFO] - Re_Smush_It_Task with attachment ID : 653, autocreated on : October 01, 2021 01:44:08 
[2021-10-01 13:44:11 : INFO] - Re_Smush_It_Task with attachment ID : 654, autocreated on : October 01, 2021 01:44:11 
[2021-10-01 13:44:14 : INFO] - Re_Smush_It_Task with attachment ID : 655, autocreated on : October 01, 2021 01:44:13 
[2021-10-01 13:44:16 : INFO] - Re_Smush_It_Task with attachment ID : 656, autocreated on : October 01, 2021 01:44:16 
[2021-10-01 13:46:37 : INFO] - Re_Smush_It_Task with attachment ID : 657, autocreated on : October 01, 2021 01:46:37 
[2021-10-01 13:46:39 : INFO] - Re_Smush_It_Task with attachment ID : 658, autocreated on : October 01, 2021 01:46:39 
[2021-10-01 13:46:42 : INFO] - Re_Smush_It_Task with attachment ID : 659, autocreated on : October 01, 2021 01:46:41 
[2021-10-01 13:46:44 : INFO] - Re_Smush_It_Task with attachment ID : 660, autocreated on : October 01, 2021 01:46:43 
[2021-10-01 13:46:46 : INFO] - Re_Smush_It_Task with attachment ID : 661, autocreated on : October 01, 2021 01:46:45 
[2021-10-01 13:46:49 : INFO] - Re_Smush_It_Task with attachment ID : 662, autocreated on : October 01, 2021 01:46:48 
[2021-10-01 13:46:51 : INFO] - Re_Smush_It_Task with attachment ID : 663, autocreated on : October 01, 2021 01:46:51 
[2021-10-01 13:49:26 : INFO] - 
 
[2021-10-01 13:49:26 : INFO] - Header for logs at time:  Fri, 01 Oct 2021 13:49:26 +0000 on http://appgurus.ifuturz.com 
[2021-10-01 13:49:26 : INFO] - WP: 5.4 
[2021-10-01 13:49:26 : INFO] - PHP: 7.2.34 (cgi-fcgi, Linux development.ifuturz.com 3.10.0-1062.9.1.el7.x86_64 #1 SMP Fri Dec 6 15:49:49 UTC 2019 x86_64) 
[2021-10-01 13:49:26 : INFO] - MySQL: 5.7.29 
[2021-10-01 13:49:26 : INFO] - WPLANG: en_US 
[2021-10-01 13:49:26 : INFO] - Server: Apache 
[2021-10-01 13:49:26 : INFO] - Outbound connections: N 
[2021-10-01 13:49:26 : INFO] - safe_mode: 0 
[2021-10-01 13:49:26 : INFO] - max_execution_time: 30000 
[2021-10-01 13:49:26 : INFO] - memory_limit: 128M (used: 30.9M | 32.3M) 
[2021-10-01 13:49:26 : INFO] - multisite: N 
[2021-10-01 13:49:26 : INFO] - openssl: OpenSSL 1.0.2k  26 Jan 2017 
[2021-10-01 13:49:26 : INFO] - A total of 15 tasks of type smush found and will be processed in this iteration 
[2021-10-01 13:49:26 : INFO] - Set semaphore last lock (smush) time to 2021-10-01 13:49:26 
[2021-10-01 13:49:26 : INFO] - Semaphore lock (smush) complete 
[2021-10-01 13:49:26 : INFO] - Processing task with ID : 8, and type 'smush' 
[2021-10-01 13:49:26 : INFO] - Task with ID 8 and type (smush) failed with error code invalid_file_path - The linked attachment ID does not have a valid file path 
[2021-10-01 13:49:27 : INFO] - Processing task with ID : 9, and type 'smush' 
[2021-10-01 13:49:27 : INFO] - Task with ID 9 and type (smush) failed with error code invalid_file_path - The linked attachment ID does not have a valid file path 
[2021-10-01 13:49:27 : INFO] - Processing task with ID : 10, and type 'smush' 
[2021-10-01 13:49:27 : INFO] - Task with ID 10 and type (smush) failed with error code invalid_file_path - The linked attachment ID does not have a valid file path 
[2021-10-01 13:49:27 : INFO] - Processing task with ID : 11, and type 'smush' 
[2021-10-01 13:49:28 : INFO] - Task with ID 11 and type (smush) failed with error code invalid_file_path - The linked attachment ID does not have a valid file path 
[2021-10-01 13:49:28 : INFO] - Processing task with ID : 12, and type 'smush' 
[2021-10-01 13:49:28 : INFO] - Task with ID 12 and type (smush) failed with error code invalid_file_path - The linked attachment ID does not have a valid file path 
[2021-10-01 13:49:28 : INFO] - Processing task with ID : 13, and type 'smush' 
[2021-10-01 13:49:28 : INFO] - Task with ID 13 and type (smush) failed with error code invalid_file_path - The linked attachment ID does not have a valid file path 
[2021-10-01 13:49:29 : INFO] - Processing task with ID : 14, and type 'smush' 
[2021-10-01 13:49:29 : INFO] - Task with ID 14 and type (smush) failed with error code invalid_file_path - The linked attachment ID does not have a valid file path 
[2021-10-01 13:49:29 : INFO] - Processing task with ID : 15, and type 'smush' 
[2021-10-01 13:49:29 : INFO] - Task with ID 15 and type (smush) failed with error code invalid_file_path - The linked attachment ID does not have a valid file path 
[2021-10-01 13:49:29 : INFO] - Processing task with ID : 16, and type 'smush' 
[2021-10-01 13:49:29 : INFO] - Re_Smush_It_Task with attachment ID : 657, autocreated on : October 01, 2021 01:46:37 
[2021-10-01 13:49:29 : INFO] - 95 
[2021-10-01 13:49:31 : INFO] - Backing up the original image - 2021/10/Act-Companion-updraft-pre-smush-original.png 
[2021-10-01 13:49:31 : INFO] - Re_Smush_It_Task with attachment ID : 657, autocreated on : October 01, 2021 01:46:37 
[2021-10-01 13:49:31 : INFO] - 95 
[2021-10-01 13:49:33 : INFO] - Re_Smush_It_Task with attachment ID : 657, autocreated on : October 01, 2021 01:46:37 
[2021-10-01 13:49:33 : INFO] - 95 
[2021-10-01 13:49:34 : INFO] - Re_Smush_It_Task with attachment ID : 657, autocreated on : October 01, 2021 01:46:37 
[2021-10-01 13:49:34 : INFO] - 95 
[2021-10-01 13:49:36 : INFO] - Successfully optimized the image - /data/apache/domain/appgurus.ifuturz.com/www/wp-content/uploads/2021/10/Act-Companion.png.The file was compressed from 65.86 KB to 65.86 KB saving 0 percent using WP-Optimize 
[2021-10-01 13:49:36 : INFO] - Completed processing task with ID : 16, and type 'smush' 
[2021-10-01 13:49:36 : INFO] - Processing task with ID : 17, and type 'smush' 
[2021-10-01 13:49:37 : INFO] - Re_Smush_It_Task with attachment ID : 658, autocreated on : October 01, 2021 01:46:39 
[2021-10-01 13:49:37 : INFO] - 95 
[2021-10-01 13:49:39 : INFO] - Backing up the original image - 2021/10/Homeworthy-updraft-pre-smush-original.png 
[2021-10-01 13:49:39 : INFO] - Re_Smush_It_Task with attachment ID : 658, autocreated on : October 01, 2021 01:46:39 
[2021-10-01 13:49:39 : INFO] - 95 
[2021-10-01 13:49:40 : INFO] - Re_Smush_It_Task with attachment ID : 658, autocreated on : October 01, 2021 01:46:39 
[2021-10-01 13:49:40 : INFO] - 95 
[2021-10-01 13:49:46 : INFO] - Task with ID 17 and type (smush) failed with error code invalid_response - The compression apparently succeeded, but WP-Optimize could not retrieve the compressed image from the remote server. 
[2021-10-01 13:49:46 : INFO] - data: {"src":"http:\/\/par4.static.resmush.it\/5b826b4998e9f14bf2cfd54c9a36d736\/_src_Homeworthy-1024x655.png","dest":"http:\/\/par4.static.resmush.it\/5b826b4998e9f14bf2cfd54c9a36d736\/Homeworthy-1024x655.png","src_size":247673,"dest_size":80071,"percent":68,"output":"json","expires":"Fri, 01 Oct 2021 15:54:41 +0200","generator":"reSmush.it rev.3.0.4.20210124"} 
[2021-10-01 13:49:46 : INFO] - Re_Smush_It_Task with attachment ID : 658, autocreated on : October 01, 2021 01:46:39 
[2021-10-01 13:49:46 : INFO] - 95 
[2021-10-01 13:49:48 : INFO] - Re_Smush_It_Task with attachment ID : 658, autocreated on : October 01, 2021 01:46:39 
[2021-10-01 13:49:48 : INFO] - 95 
[2021-10-01 13:49:50 : INFO] - Successfully optimized the image - /data/apache/domain/appgurus.ifuturz.com/www/wp-content/uploads/2021/10/Homeworthy.png.The file was compressed from 94.95 KB to 94.95 KB saving 0 percent using WP-Optimize 
[2021-10-01 13:49:50 : INFO] - Completed processing task with ID : 17, and type 'smush' 
[2021-10-01 13:49:50 : INFO] - Set semaphore last lock (smush) time to 2021-10-01 13:49:50 
[2021-10-01 13:49:50 : INFO] - Processing task with ID : 18, and type 'smush' 
[2021-10-01 13:49:50 : INFO] - Re_Smush_It_Task with attachment ID : 659, autocreated on : October 01, 2021 01:46:41 
[2021-10-01 13:49:50 : INFO] - 95 
[2021-10-01 13:49:53 : INFO] - Backing up the original image - 2021/10/Instant-Consult-updraft-pre-smush-original.png 
[2021-10-01 13:49:53 : INFO] - Re_Smush_It_Task with attachment ID : 659, autocreated on : October 01, 2021 01:46:41 
[2021-10-01 13:49:53 : INFO] - 95 
[2021-10-01 13:49:55 : INFO] - Re_Smush_It_Task with attachment ID : 659, autocreated on : October 01, 2021 01:46:41 
[2021-10-01 13:49:55 : INFO] - 95 
[2021-10-01 13:49:59 : INFO] - Re_Smush_It_Task with attachment ID : 659, autocreated on : October 01, 2021 01:46:41 
[2021-10-01 13:49:59 : INFO] - 95 
[2021-10-01 13:50:02 : INFO] - Successfully optimized the image - /data/apache/domain/appgurus.ifuturz.com/www/wp-content/uploads/2021/10/Instant-Consult.png.The file was compressed from 92.73 KB to 92.73 KB saving 0 percent using WP-Optimize 
[2021-10-01 13:50:02 : INFO] - Completed processing task with ID : 18, and type 'smush' 
[2021-10-01 13:50:02 : INFO] - Processing task with ID : 19, and type 'smush' 
[2021-10-01 13:50:02 : INFO] - Re_Smush_It_Task with attachment ID : 660, autocreated on : October 01, 2021 01:46:43 
[2021-10-01 13:50:02 : INFO] - 95 
[2021-10-01 13:50:05 : INFO] - Backing up the original image - 2021/10/Kisbooks-updraft-pre-smush-original.png 
[2021-10-01 13:50:05 : INFO] - Re_Smush_It_Task with attachment ID : 660, autocreated on : October 01, 2021 01:46:43 
[2021-10-01 13:50:05 : INFO] - 95 
[2021-10-01 13:50:07 : INFO] - Re_Smush_It_Task with attachment ID : 660, autocreated on : October 01, 2021 01:46:43 
[2021-10-01 13:50:07 : INFO] - 95 
[2021-10-01 13:50:08 : INFO] - Re_Smush_It_Task with attachment ID : 660, autocreated on : October 01, 2021 01:46:43 
[2021-10-01 13:50:08 : INFO] - 95 
[2021-10-01 13:50:11 : INFO] - Successfully optimized the image - /data/apache/domain/appgurus.ifuturz.com/www/wp-content/uploads/2021/10/Kisbooks.png.The file was compressed from 84.53 KB to 84.53 KB saving 0 percent using WP-Optimize 
[2021-10-01 13:50:11 : INFO] - Completed processing task with ID : 19, and type 'smush' 
[2021-10-01 13:50:11 : INFO] - Set semaphore last lock (smush) time to 2021-10-01 13:50:11 
[2021-10-01 13:50:11 : INFO] - Processing task with ID : 20, and type 'smush' 
[2021-10-01 13:50:11 : INFO] - Re_Smush_It_Task with attachment ID : 661, autocreated on : October 01, 2021 01:46:45 
[2021-10-01 13:50:11 : INFO] - 95 
[2021-10-01 13:50:15 : INFO] - Backing up the original image - 2021/10/Linx-updraft-pre-smush-original.png 
[2021-10-01 13:50:15 : INFO] - Re_Smush_It_Task with attachment ID : 661, autocreated on : October 01, 2021 01:46:45 
[2021-10-01 13:50:15 : INFO] - 95 
[2021-10-01 13:50:16 : INFO] - Re_Smush_It_Task with attachment ID : 661, autocreated on : October 01, 2021 01:46:45 
[2021-10-01 13:50:16 : INFO] - 95 
[2021-10-01 13:50:17 : INFO] - Re_Smush_It_Task with attachment ID : 661, autocreated on : October 01, 2021 01:46:45 
[2021-10-01 13:50:17 : INFO] - 95 
[2021-10-01 13:50:24 : INFO] - Task with ID 20 and type (smush) failed with error code invalid_response - The compression apparently succeeded, but WP-Optimize could not retrieve the compressed image from the remote server. 
[2021-10-01 13:50:24 : INFO] - data: {"src":"http:\/\/par4.static.resmush.it\/ce5af93ac5cdea399051744c3844f0f8\/_src_Linx-768x754.png","dest":"http:\/\/par4.static.resmush.it\/ce5af93ac5cdea399051744c3844f0f8\/Linx-768x754.png","src_size":365877,"dest_size":116302,"percent":68,"output":"json","expires":"Fri, 01 Oct 2021 15:55:18 +0200","generator":"reSmush.it rev.3.0.4.20210124"} 
[2021-10-01 13:50:24 : INFO] - Successfully optimized the image - /data/apache/domain/appgurus.ifuturz.com/www/wp-content/uploads/2021/10/Linx.png.The file was compressed from 94.56 KB to 94.56 KB saving 0 percent using WP-Optimize 
[2021-10-01 13:50:25 : INFO] - Completed processing task with ID : 20, and type 'smush' 
[2021-10-01 13:50:25 : INFO] - Processing task with ID : 21, and type 'smush' 
[2021-10-01 13:50:25 : INFO] - Re_Smush_It_Task with attachment ID : 662, autocreated on : October 01, 2021 01:46:48 
[2021-10-01 13:50:25 : INFO] - 95 
[2021-10-01 13:50:29 : INFO] - Backing up the original image - 2021/10/Lorna-Jane-updraft-pre-smush-original.png 
[2021-10-01 13:50:29 : INFO] - Re_Smush_It_Task with attachment ID : 662, autocreated on : October 01, 2021 01:46:48 
[2021-10-01 13:50:29 : INFO] - 95 
[2021-10-01 13:50:33 : INFO] - Re_Smush_It_Task with attachment ID : 662, autocreated on : October 01, 2021 01:46:48 
[2021-10-01 13:50:33 : INFO] - 95 
[2021-10-01 13:50:39 : INFO] - Re_Smush_It_Task with attachment ID : 662, autocreated on : October 01, 2021 01:46:48 
[2021-10-01 13:50:39 : INFO] - 95 
[2021-10-01 13:50:43 : INFO] - Successfully optimized the image - /data/apache/domain/appgurus.ifuturz.com/www/wp-content/uploads/2021/10/Lorna-Jane.png.The file was compressed from 130.92 KB to 130.92 KB saving 0 percent using WP-Optimize 
[2021-10-01 13:50:43 : INFO] - Completed processing task with ID : 21, and type 'smush' 
[2021-10-01 13:50:43 : INFO] - Set semaphore last lock (smush) time to 2021-10-01 13:50:43 
[2021-10-01 13:50:43 : INFO] - Processing task with ID : 22, and type 'smush' 
[2021-10-01 13:50:43 : INFO] - Re_Smush_It_Task with attachment ID : 663, autocreated on : October 01, 2021 01:46:51 
[2021-10-01 13:50:43 : INFO] - 95 
[2021-10-01 13:50:45 : INFO] - Backing up the original image - 2021/10/Property-Calculator-updraft-pre-smush-original.png 
[2021-10-01 13:50:45 : INFO] - Re_Smush_It_Task with attachment ID : 663, autocreated on : October 01, 2021 01:46:51 
[2021-10-01 13:50:45 : INFO] - 95 
[2021-10-01 13:50:46 : INFO] - Re_Smush_It_Task with attachment ID : 663, autocreated on : October 01, 2021 01:46:51 
[2021-10-01 13:50:46 : INFO] - 95 
[2021-10-01 13:50:51 : INFO] - Re_Smush_It_Task with attachment ID : 663, autocreated on : October 01, 2021 01:46:51 
[2021-10-01 13:50:51 : INFO] - 95 
[2021-10-01 13:50:57 : INFO] - Successfully optimized the image - /data/apache/domain/appgurus.ifuturz.com/www/wp-content/uploads/2021/10/Property-Calculator.png.The file was compressed from 66.11 KB to 66.11 KB saving 0 percent using WP-Optimize 
[2021-10-01 13:50:57 : INFO] - Completed processing task with ID : 22, and type 'smush' 
[2021-10-01 13:50:57 : INFO] - Decremented the semaphore (smush) by 1 
[2021-10-01 13:50:57 : INFO] - Semaphore (smush) unlocked 
[2021-10-01 13:50:57 : INFO] - Successfully processed the queue (smush). 15 tasks were processed out of 15. 
[2021-10-01 13:50:57 : INFO] - Semaphore (smush, ag_options) was successfully cleaned up 
[2021-10-01 13:50:57 : INFO] - Cleaning up tasks of type (smush). A total of 15 tasks will be deleted. 
[2021-10-01 13:59:37 : INFO] - 
 
[2021-10-01 13:59:37 : INFO] - Header for logs at time:  Fri, 01 Oct 2021 13:59:37 +0000 on http://appgurus.ifuturz.com 
[2021-10-01 13:59:37 : INFO] - WP: 5.4 
[2021-10-01 13:59:37 : INFO] - PHP: 7.2.34 (cgi-fcgi, Linux development.ifuturz.com 3.10.0-1062.9.1.el7.x86_64 #1 SMP Fri Dec 6 15:49:49 UTC 2019 x86_64) 
[2021-10-01 13:59:37 : INFO] - MySQL: 5.7.29 
[2021-10-01 13:59:37 : INFO] - WPLANG: en_US 
[2021-10-01 13:59:37 : INFO] - Server: Apache 
[2021-10-01 13:59:37 : INFO] - Outbound connections: N 
[2021-10-01 13:59:37 : INFO] - safe_mode: 0 
[2021-10-01 13:59:37 : INFO] - max_execution_time: 30000 
[2021-10-01 13:59:37 : INFO] - memory_limit: 128M (used: 30.9M | 32.3M) 
[2021-10-01 13:59:37 : INFO] - multisite: N 
[2021-10-01 13:59:37 : INFO] - openssl: OpenSSL 1.0.2k  26 Jan 2017 
[2021-10-01 13:59:37 : INFO] - The queue for tasks of type "smush" is empty. Aborting! 
[2021-10-04 06:58:57 : INFO] - Re_Smush_It_Task with attachment ID : 667, autocreated on : October 04, 2021 06:58:56 
[2021-10-04 06:59:00 : INFO] - Re_Smush_It_Task with attachment ID : 668, autocreated on : October 04, 2021 06:58:59 
[2021-10-04 06:59:03 : INFO] - Re_Smush_It_Task with attachment ID : 669, autocreated on : October 04, 2021 06:59:03 
[2021-10-04 06:59:42 : INFO] - Re_Smush_It_Task with attachment ID : 670, autocreated on : October 04, 2021 06:59:42 
[2021-10-04 06:59:44 : INFO] - Re_Smush_It_Task with attachment ID : 671, autocreated on : October 04, 2021 06:59:43 
[2021-10-04 06:59:47 : INFO] - Re_Smush_It_Task with attachment ID : 672, autocreated on : October 04, 2021 06:59:46 
[2021-10-04 07:04:21 : INFO] - 
 
[2021-10-04 07:04:21 : INFO] - Header for logs at time:  Mon, 04 Oct 2021 07:04:21 +0000 on http://appgurus.ifuturz.com 
[2021-10-04 07:04:21 : INFO] - WP: 5.4 
[2021-10-04 07:04:21 : INFO] - PHP: 7.2.34 (cgi-fcgi, Linux development.ifuturz.com 3.10.0-1062.9.1.el7.x86_64 #1 SMP Fri Dec 6 15:49:49 UTC 2019 x86_64) 
[2021-10-04 07:04:21 : INFO] - MySQL: 5.7.29 
[2021-10-04 07:04:21 : INFO] - WPLANG: en_US 
[2021-10-04 07:04:21 : INFO] - Server: Apache 
[2021-10-04 07:04:21 : INFO] - Outbound connections: N 
[2021-10-04 07:04:21 : INFO] - safe_mode: 0 
[2021-10-04 07:04:21 : INFO] - max_execution_time: 30000 
[2021-10-04 07:04:21 : INFO] - memory_limit: 128M (used: 33.1M | 34.3M) 
[2021-10-04 07:04:21 : INFO] - multisite: N 
[2021-10-04 07:04:21 : INFO] - openssl: OpenSSL 1.0.2k  26 Jan 2017 
[2021-10-04 07:04:21 : INFO] - A total of 6 tasks of type smush found and will be processed in this iteration 
[2021-10-04 07:04:21 : INFO] - Set semaphore last lock (smush) time to 2021-10-04 07:04:21 
[2021-10-04 07:04:21 : INFO] - Semaphore lock (smush) complete 
[2021-10-04 07:04:21 : INFO] - Processing task with ID : 23, and type 'smush' 
[2021-10-04 07:04:21 : INFO] - Task with ID 23 and type (smush) failed with error code invalid_file_path - The linked attachment ID does not have a valid file path 
[2021-10-04 07:04:21 : INFO] - Processing task with ID : 24, and type 'smush' 
[2021-10-04 07:04:21 : INFO] - Task with ID 24 and type (smush) failed with error code invalid_file_path - The linked attachment ID does not have a valid file path 
[2021-10-04 07:04:22 : INFO] - Processing task with ID : 25, and type 'smush' 
[2021-10-04 07:04:22 : INFO] - Task with ID 25 and type (smush) failed with error code invalid_file_path - The linked attachment ID does not have a valid file path 
[2021-10-04 07:04:22 : INFO] - Processing task with ID : 26, and type 'smush' 
[2021-10-04 07:04:22 : INFO] - Re_Smush_It_Task with attachment ID : 670, autocreated on : October 04, 2021 06:59:42 
[2021-10-04 07:04:22 : INFO] - 95 
[2021-10-04 07:04:24 : INFO] - Backing up the original image - 2021/09/Act-Companion-1-updraft-pre-smush-original.png 
[2021-10-04 07:04:24 : INFO] - Re_Smush_It_Task with attachment ID : 670, autocreated on : October 04, 2021 06:59:42 
[2021-10-04 07:04:24 : INFO] - 95 
[2021-10-04 07:04:26 : INFO] - Re_Smush_It_Task with attachment ID : 670, autocreated on : October 04, 2021 06:59:42 
[2021-10-04 07:04:26 : INFO] - 95 
[2021-10-04 07:04:27 : INFO] - Re_Smush_It_Task with attachment ID : 670, autocreated on : October 04, 2021 06:59:42 
[2021-10-04 07:04:27 : INFO] - 95 
[2021-10-04 07:04:40 : INFO] - Task with ID 26 and type (smush) failed with error code invalid_response - The compression apparently succeeded, but WP-Optimize could not retrieve the compressed image from the remote server. 
[2021-10-04 07:04:40 : INFO] - data: {"src":"http:\/\/par4.static.resmush.it\/1f7c3ad7a8910991c10e37244d486aee\/_src_Act-Companion-1-768x754.png","dest":"http:\/\/par4.static.resmush.it\/1f7c3ad7a8910991c10e37244d486aee\/Act-Companion-1-768x754.png","src_size":203093,"dest_size":68454,"percent":66,"output":"json","expires":"Mon, 04 Oct 2021 09:09:33 +0200","generator":"reSmush.it rev.3.0.4.20210124"} 
[2021-10-04 07:04:40 : INFO] - Successfully optimized the image - /data/apache/domain/appgurus.ifuturz.com/www/wp-content/uploads/2021/09/Act-Companion-1.png.The file was compressed from 53.95 KB to 53.95 KB saving 0 percent using WP-Optimize 
[2021-10-04 07:04:40 : INFO] - Completed processing task with ID : 26, and type 'smush' 
[2021-10-04 07:04:40 : INFO] - Processing task with ID : 27, and type 'smush' 
[2021-10-04 07:04:40 : INFO] - Re_Smush_It_Task with attachment ID : 671, autocreated on : October 04, 2021 06:59:43 
[2021-10-04 07:04:40 : INFO] - 95 
[2021-10-04 07:04:56 : INFO] - Task with ID 27 and type (smush) failed with error code http_request_failed - cURL error 28: Resolving timed out after 10519 milliseconds 
[2021-10-04 07:04:56 : INFO] - Cannot establish connection with reSmush.it webservice. Please try later 
[2021-10-04 07:04:56 : INFO] - Re_Smush_It_Task with attachment ID : 671, autocreated on : October 04, 2021 06:59:43 
[2021-10-04 07:04:56 : INFO] - 95 
[2021-10-04 07:05:08 : INFO] - Task with ID 27 and type (smush) failed with error code invalid_response - The compression apparently succeeded, but WP-Optimize could not retrieve the compressed image from the remote server. 
[2021-10-04 07:05:08 : INFO] - data: {"src":"http:\/\/par2.static.resmush.it\/bffecd7faa65bb828a43d0a2922629ca\/_src_Linx-1-300x295.png","dest":"http:\/\/par2.static.resmush.it\/bffecd7faa65bb828a43d0a2922629ca\/Linx-1-300x295.png","src_size":67884,"dest_size":22582,"percent":67,"output":"json","expires":"Mon, 04 Oct 2021 09:10:02 +0200","generator":"reSmush.it rev.3.0.4.20210124"} 
[2021-10-04 07:05:08 : INFO] - Re_Smush_It_Task with attachment ID : 671, autocreated on : October 04, 2021 06:59:43 
[2021-10-04 07:05:08 : INFO] - 95 
[2021-10-04 07:05:09 : INFO] - Re_Smush_It_Task with attachment ID : 671, autocreated on : October 04, 2021 06:59:43 
[2021-10-04 07:05:09 : INFO] - 95 
[2021-10-04 07:05:13 : INFO] - Successfully optimized the image - /data/apache/domain/appgurus.ifuturz.com/www/wp-content/uploads/2021/09/Linx-1.png.The file was compressed from 81.64 KB to 81.64 KB saving 0 percent using WP-Optimize 
[2021-10-04 07:05:13 : INFO] - Completed processing task with ID : 27, and type 'smush' 
[2021-10-04 07:05:14 : INFO] - Set semaphore last lock (smush) time to 2021-10-04 07:05:14 
[2021-10-04 07:05:14 : INFO] - Processing task with ID : 28, and type 'smush' 
[2021-10-04 07:05:14 : INFO] - Re_Smush_It_Task with attachment ID : 672, autocreated on : October 04, 2021 06:59:46 
[2021-10-04 07:05:14 : INFO] - 95 
[2021-10-04 07:05:16 : INFO] - Backing up the original image - 2021/09/Property-Calculator--updraft-pre-smush-original.png 
[2021-10-04 07:05:16 : INFO] - Re_Smush_It_Task with attachment ID : 672, autocreated on : October 04, 2021 06:59:46 
[2021-10-04 07:05:16 : INFO] - 95 
[2021-10-04 07:05:17 : INFO] - Re_Smush_It_Task with attachment ID : 672, autocreated on : October 04, 2021 06:59:46 
[2021-10-04 07:05:17 : INFO] - 95 
[2021-10-04 07:05:24 : INFO] - Task with ID 28 and type (smush) failed with error code invalid_response - The compression apparently succeeded, but WP-Optimize could not retrieve the compressed image from the remote server. 
[2021-10-04 07:05:24 : INFO] - data: {"src":"http:\/\/par3.static.resmush.it\/651ddb190b39b69f63a5930f085cb1cb\/_src_Property-Calculator--150x150.png","dest":"http:\/\/par3.static.resmush.it\/651ddb190b39b69f63a5930f085cb1cb\/Property-Calculator--150x150.png","src_size":21166,"dest_size":7844,"percent":63,"output":"json","expires":"Mon, 04 Oct 2021 09:10:18 +0200","generator":"reSmush.it rev.3.0.4.20210124"} 
[2021-10-04 07:05:24 : INFO] - Re_Smush_It_Task with attachment ID : 672, autocreated on : October 04, 2021 06:59:46 
[2021-10-04 07:05:24 : INFO] - 95 
[2021-10-04 07:05:28 : INFO] - Successfully optimized the image - /data/apache/domain/appgurus.ifuturz.com/www/wp-content/uploads/2021/09/Property-Calculator-.png.The file was compressed from 66.57 KB to 66.57 KB saving 0 percent using WP-Optimize 
[2021-10-04 07:05:28 : INFO] - Completed processing task with ID : 28, and type 'smush' 
[2021-10-04 07:05:28 : INFO] - Decremented the semaphore (smush) by 1 
[2021-10-04 07:05:29 : INFO] - Semaphore (smush) unlocked 
[2021-10-04 07:05:29 : INFO] - Successfully processed the queue (smush). 6 tasks were processed out of 6. 
[2021-10-04 07:05:29 : INFO] - Semaphore (smush, ag_options) was successfully cleaned up 
[2021-10-04 07:05:29 : INFO] - Cleaning up tasks of type (smush). A total of 6 tasks will be deleted. 
[2021-10-04 07:16:18 : INFO] - 
 
[2021-10-04 07:16:18 : INFO] - Header for logs at time:  Mon, 04 Oct 2021 07:16:18 +0000 on http://appgurus.ifuturz.com 
[2021-10-04 07:16:18 : INFO] - WP: 5.4 
[2021-10-04 07:16:18 : INFO] - PHP: 7.2.34 (cgi-fcgi, Linux development.ifuturz.com 3.10.0-1062.9.1.el7.x86_64 #1 SMP Fri Dec 6 15:49:49 UTC 2019 x86_64) 
[2021-10-04 07:16:18 : INFO] - MySQL: 5.7.29 
[2021-10-04 07:16:18 : INFO] - WPLANG: en_US 
[2021-10-04 07:16:18 : INFO] - Server: Apache 
[2021-10-04 07:16:18 : INFO] - Outbound connections: N 
[2021-10-04 07:16:18 : INFO] - safe_mode: 0 
[2021-10-04 07:16:18 : INFO] - max_execution_time: 30000 
[2021-10-04 07:16:18 : INFO] - memory_limit: 128M (used: 33.2M | 34.3M) 
[2021-10-04 07:16:18 : INFO] - multisite: N 
[2021-10-04 07:16:18 : INFO] - openssl: OpenSSL 1.0.2k  26 Jan 2017 
[2021-10-04 07:16:18 : INFO] - The queue for tasks of type "smush" is empty. Aborting! 
[2021-10-04 12:13:55 : INFO] - Re_Smush_It_Task with attachment ID : 679, autocreated on : October 04, 2021 12:13:54 
[2021-10-04 12:13:57 : INFO] - Re_Smush_It_Task with attachment ID : 680, autocreated on : October 04, 2021 12:13:56 
[2021-10-04 12:19:27 : INFO] - 
 
[2021-10-04 12:19:27 : INFO] - Header for logs at time:  Mon, 04 Oct 2021 12:19:27 +0000 on http://appgurus.ifuturz.com 
[2021-10-04 12:19:27 : INFO] - WP: 5.4 
[2021-10-04 12:19:27 : INFO] - PHP: 7.2.34 (cgi-fcgi, Linux development.ifuturz.com 3.10.0-1062.9.1.el7.x86_64 #1 SMP Fri Dec 6 15:49:49 UTC 2019 x86_64) 
[2021-10-04 12:19:27 : INFO] - MySQL: 5.7.29 
[2021-10-04 12:19:27 : INFO] - WPLANG: en_US 
[2021-10-04 12:19:27 : INFO] - Server: Apache 
[2021-10-04 12:19:27 : INFO] - Outbound connections: N 
[2021-10-04 12:19:27 : INFO] - safe_mode: 0 
[2021-10-04 12:19:27 : INFO] - max_execution_time: 30000 
[2021-10-04 12:19:27 : INFO] - memory_limit: 128M (used: 33.1M | 34.3M) 
[2021-10-04 12:19:27 : INFO] - multisite: N 
[2021-10-04 12:19:27 : INFO] - openssl: OpenSSL 1.0.2k  26 Jan 2017 
[2021-10-04 12:19:27 : INFO] - A total of 2 tasks of type smush found and will be processed in this iteration 
[2021-10-04 12:19:27 : INFO] - Set semaphore last lock (smush) time to 2021-10-04 12:19:27 
[2021-10-04 12:19:27 : INFO] - Semaphore lock (smush) complete 
[2021-10-04 12:19:27 : INFO] - Processing task with ID : 29, and type 'smush' 
[2021-10-04 12:19:27 : INFO] - Re_Smush_It_Task with attachment ID : 679, autocreated on : October 04, 2021 12:13:54 
[2021-10-04 12:19:27 : INFO] - 95 
[2021-10-04 12:19:29 : INFO] - Backing up the original image - 2021/10/180ae7a0bcf7-e1633349693268-updraft-pre-smush-original.png 
[2021-10-04 12:19:29 : INFO] - Re_Smush_It_Task with attachment ID : 679, autocreated on : October 04, 2021 12:13:54 
[2021-10-04 12:19:29 : INFO] - 95 
[2021-10-04 12:19:31 : INFO] - Re_Smush_It_Task with attachment ID : 679, autocreated on : October 04, 2021 12:13:54 
[2021-10-04 12:19:31 : INFO] - 95 
[2021-10-04 12:19:32 : INFO] - Successfully optimized the image - /data/apache/domain/appgurus.ifuturz.com/www/wp-content/uploads/2021/10/180ae7a0bcf7-e1633349693268.png.The file was compressed from 3.74 KB to 3.50 KB saving 6.4 percent using WP-Optimize 
[2021-10-04 12:19:33 : INFO] - Completed processing task with ID : 29, and type 'smush' 
[2021-10-04 12:19:33 : INFO] - Processing task with ID : 30, and type 'smush' 
[2021-10-04 12:19:33 : INFO] - Re_Smush_It_Task with attachment ID : 680, autocreated on : October 04, 2021 12:13:56 
[2021-10-04 12:19:33 : INFO] - 95 
[2021-10-04 12:19:34 : INFO] - Backing up the original image - 2021/10/e9cd846dc748-e1633349690737-updraft-pre-smush-original.png 
[2021-10-04 12:19:34 : INFO] - Re_Smush_It_Task with attachment ID : 680, autocreated on : October 04, 2021 12:13:56 
[2021-10-04 12:19:34 : INFO] - 95 
[2021-10-04 12:19:34 : INFO] - Re_Smush_It_Task with attachment ID : 680, autocreated on : October 04, 2021 12:13:56 
[2021-10-04 12:19:34 : INFO] - 95 
[2021-10-04 12:19:35 : INFO] - Successfully optimized the image - /data/apache/domain/appgurus.ifuturz.com/www/wp-content/uploads/2021/10/e9cd846dc748-e1633349690737.png.The file was compressed from 7.55 KB to 3.17 KB saving 58.02 percent using WP-Optimize 
[2021-10-04 12:19:36 : INFO] - Completed processing task with ID : 30, and type 'smush' 
[2021-10-04 12:19:36 : INFO] - Decremented the semaphore (smush) by 1 
[2021-10-04 12:19:36 : INFO] - Semaphore (smush) unlocked 
[2021-10-04 12:19:36 : INFO] - Successfully processed the queue (smush). 2 tasks were processed out of 2. 
[2021-10-04 12:19:36 : INFO] - Semaphore (smush, ag_options) was successfully cleaned up 
[2021-10-04 12:19:36 : INFO] - Cleaning up tasks of type (smush). A total of 2 tasks will be deleted. 
[2021-10-04 12:20:06 : INFO] - Re_Smush_It_Task with attachment ID : 681, autocreated on : October 04, 2021 12:20:06 
[2021-10-04 12:20:08 : INFO] - Re_Smush_It_Task with attachment ID : 682, autocreated on : October 04, 2021 12:20:07 
[2021-10-04 12:27:06 : INFO] - Re_Smush_It_Task with attachment ID : 683, autocreated on : October 04, 2021 12:27:06 
[2021-10-04 12:27:10 : INFO] - Re_Smush_It_Task with attachment ID : 684, autocreated on : October 04, 2021 12:27:09 
[2021-10-04 12:27:13 : INFO] - Re_Smush_It_Task with attachment ID : 685, autocreated on : October 04, 2021 12:27:12 
[2021-10-04 12:29:31 : INFO] - 
 
[2021-10-04 12:29:31 : INFO] - Header for logs at time:  Mon, 04 Oct 2021 12:29:31 +0000 on http://appgurus.ifuturz.com 
[2021-10-04 12:29:31 : INFO] - WP: 5.4 
[2021-10-04 12:29:31 : INFO] - PHP: 7.2.34 (cgi-fcgi, Linux development.ifuturz.com 3.10.0-1062.9.1.el7.x86_64 #1 SMP Fri Dec 6 15:49:49 UTC 2019 x86_64) 
[2021-10-04 12:29:31 : INFO] - MySQL: 5.7.29 
[2021-10-04 12:29:31 : INFO] - WPLANG: en_US 
[2021-10-04 12:29:31 : INFO] - Server: Apache 
[2021-10-04 12:29:31 : INFO] - Outbound connections: N 
[2021-10-04 12:29:31 : INFO] - safe_mode: 0 
[2021-10-04 12:29:31 : INFO] - max_execution_time: 30000 
[2021-10-04 12:29:31 : INFO] - memory_limit: 128M (used: 33.1M | 34.3M) 
[2021-10-04 12:29:31 : INFO] - multisite: N 
[2021-10-04 12:29:31 : INFO] - openssl: OpenSSL 1.0.2k  26 Jan 2017 
[2021-10-04 12:29:31 : INFO] - A total of 5 tasks of type smush found and will be processed in this iteration 
[2021-10-04 12:29:31 : INFO] - Set semaphore last lock (smush) time to 2021-10-04 12:29:31 
[2021-10-04 12:29:31 : INFO] - Semaphore lock (smush) complete 
[2021-10-04 12:29:31 : INFO] - Processing task with ID : 31, and type 'smush' 
[2021-10-04 12:29:31 : INFO] - Re_Smush_It_Task with attachment ID : 681, autocreated on : October 04, 2021 12:20:06 
[2021-10-04 12:29:31 : INFO] - 95 
[2021-10-04 12:29:32 : INFO] - Backing up the original image - 2021/10/App-store-updraft-pre-smush-original.png 
[2021-10-04 12:29:32 : INFO] - Re_Smush_It_Task with attachment ID : 681, autocreated on : October 04, 2021 12:20:06 
[2021-10-04 12:29:32 : INFO] - 95 
[2021-10-04 12:29:33 : INFO] - Successfully optimized the image - /data/apache/domain/appgurus.ifuturz.com/www/wp-content/uploads/2021/10/App-store.png.The file was compressed from 3.74 KB to 3.50 KB saving 6.4 percent using WP-Optimize 
[2021-10-04 12:29:33 : INFO] - Completed processing task with ID : 31, and type 'smush' 
[2021-10-04 12:29:34 : INFO] - Processing task with ID : 32, and type 'smush' 
[2021-10-04 12:29:34 : INFO] - Re_Smush_It_Task with attachment ID : 682, autocreated on : October 04, 2021 12:20:07 
[2021-10-04 12:29:34 : INFO] - 95 
[2021-10-04 12:29:35 : INFO] - Backing up the original image - 2021/10/Google-play-updraft-pre-smush-original.png 
[2021-10-04 12:29:35 : INFO] - Re_Smush_It_Task with attachment ID : 682, autocreated on : October 04, 2021 12:20:07 
[2021-10-04 12:29:35 : INFO] - 95 
[2021-10-04 12:29:36 : INFO] - Successfully optimized the image - /data/apache/domain/appgurus.ifuturz.com/www/wp-content/uploads/2021/10/Google-play.png.The file was compressed from 7.55 KB to 3.17 KB saving 58.02 percent using WP-Optimize 
[2021-10-04 12:29:36 : INFO] - Completed processing task with ID : 32, and type 'smush' 
[2021-10-04 12:29:36 : INFO] - Processing task with ID : 33, and type 'smush' 
[2021-10-04 12:29:37 : INFO] - Re_Smush_It_Task with attachment ID : 683, autocreated on : October 04, 2021 12:27:06 
[2021-10-04 12:29:37 : INFO] - 95 
[2021-10-04 12:29:41 : INFO] - Backing up the original image - 2021/10/banner_1-updraft-pre-smush-original.png 
[2021-10-04 12:29:41 : INFO] - Re_Smush_It_Task with attachment ID : 683, autocreated on : October 04, 2021 12:27:06 
[2021-10-04 12:29:41 : INFO] - 95 
[2021-10-04 12:29:42 : INFO] - Re_Smush_It_Task with attachment ID : 683, autocreated on : October 04, 2021 12:27:06 
[2021-10-04 12:29:42 : INFO] - 95 
[2021-10-04 12:29:44 : INFO] - Re_Smush_It_Task with attachment ID : 683, autocreated on : October 04, 2021 12:27:06 
[2021-10-04 12:29:44 : INFO] - 95 
[2021-10-04 12:29:46 : INFO] - Re_Smush_It_Task with attachment ID : 683, autocreated on : October 04, 2021 12:27:06 
[2021-10-04 12:29:46 : INFO] - 95 
[2021-10-04 12:29:52 : INFO] - Re_Smush_It_Task with attachment ID : 683, autocreated on : October 04, 2021 12:27:06 
[2021-10-04 12:29:52 : INFO] - 95 
[2021-10-04 12:30:00 : INFO] - Re_Smush_It_Task with attachment ID : 683, autocreated on : October 04, 2021 12:27:06 
[2021-10-04 12:30:00 : INFO] - 95 
[2021-10-04 12:30:03 : INFO] - Successfully optimized the image - /data/apache/domain/appgurus.ifuturz.com/www/wp-content/uploads/2021/10/banner_1.png.The file was compressed from 123.29 KB to 123.29 KB saving 0 percent using WP-Optimize 
[2021-10-04 12:30:03 : INFO] - Completed processing task with ID : 33, and type 'smush' 
[2021-10-04 12:30:03 : INFO] - Set semaphore last lock (smush) time to 2021-10-04 12:30:03 
[2021-10-04 12:30:03 : INFO] - Processing task with ID : 34, and type 'smush' 
[2021-10-04 12:30:03 : INFO] - Re_Smush_It_Task with attachment ID : 684, autocreated on : October 04, 2021 12:27:09 
[2021-10-04 12:30:03 : INFO] - 95 
[2021-10-04 12:30:05 : INFO] - Backing up the original image - 2021/10/banner_2-updraft-pre-smush-original.png 
[2021-10-04 12:30:05 : INFO] - Re_Smush_It_Task with attachment ID : 684, autocreated on : October 04, 2021 12:27:09 
[2021-10-04 12:30:05 : INFO] - 95 
[2021-10-04 12:30:06 : INFO] - Re_Smush_It_Task with attachment ID : 684, autocreated on : October 04, 2021 12:27:09 
[2021-10-04 12:30:06 : INFO] - 95 
[2021-10-04 12:30:09 : INFO] - Re_Smush_It_Task with attachment ID : 684, autocreated on : October 04, 2021 12:27:09 
[2021-10-04 12:30:09 : INFO] - 95 
[2021-10-04 12:30:10 : INFO] - Re_Smush_It_Task with attachment ID : 684, autocreated on : October 04, 2021 12:27:09 
[2021-10-04 12:30:10 : INFO] - 95 
[2021-10-04 12:30:12 : INFO] - Re_Smush_It_Task with attachment ID : 684, autocreated on : October 04, 2021 12:27:09 
[2021-10-04 12:30:12 : INFO] - 95 
[2021-10-04 12:30:14 : INFO] - Re_Smush_It_Task with attachment ID : 684, autocreated on : October 04, 2021 12:27:09 
[2021-10-04 12:30:14 : INFO] - 95 
[2021-10-04 12:30:16 : INFO] - Successfully optimized the image - /data/apache/domain/appgurus.ifuturz.com/www/wp-content/uploads/2021/10/banner_2.png.The file was compressed from 85.03 KB to 85.03 KB saving 0 percent using WP-Optimize 
[2021-10-04 12:30:17 : INFO] - Completed processing task with ID : 34, and type 'smush' 
[2021-10-04 12:30:17 : INFO] - Processing task with ID : 35, and type 'smush' 
[2021-10-04 12:30:17 : INFO] - Re_Smush_It_Task with attachment ID : 685, autocreated on : October 04, 2021 12:27:12 
[2021-10-04 12:30:17 : INFO] - 95 
[2021-10-04 12:30:19 : INFO] - Backing up the original image - 2021/10/banner_3-updraft-pre-smush-original.png 
[2021-10-04 12:30:19 : INFO] - Re_Smush_It_Task with attachment ID : 685, autocreated on : October 04, 2021 12:27:12 
[2021-10-04 12:30:19 : INFO] - 95 
[2021-10-04 12:30:21 : INFO] - Re_Smush_It_Task with attachment ID : 685, autocreated on : October 04, 2021 12:27:12 
[2021-10-04 12:30:21 : INFO] - 95 
[2021-10-04 12:30:23 : INFO] - Re_Smush_It_Task with attachment ID : 685, autocreated on : October 04, 2021 12:27:12 
[2021-10-04 12:30:23 : INFO] - 95 
[2021-10-04 12:30:24 : INFO] - Re_Smush_It_Task with attachment ID : 685, autocreated on : October 04, 2021 12:27:12 
[2021-10-04 12:30:24 : INFO] - 95 
[2021-10-04 12:30:25 : INFO] - Re_Smush_It_Task with attachment ID : 685, autocreated on : October 04, 2021 12:27:12 
[2021-10-04 12:30:25 : INFO] - 95 
[2021-10-04 12:30:30 : INFO] - Re_Smush_It_Task with attachment ID : 685, autocreated on : October 04, 2021 12:27:12 
[2021-10-04 12:30:30 : INFO] - 95 
[2021-10-04 12:30:32 : INFO] - Successfully optimized the image - /data/apache/domain/appgurus.ifuturz.com/www/wp-content/uploads/2021/10/banner_3.png.The file was compressed from 100.11 KB to 100.11 KB saving 0 percent using WP-Optimize 
[2021-10-04 12:30:32 : INFO] - Completed processing task with ID : 35, and type 'smush' 
[2021-10-04 12:30:32 : INFO] - Set semaphore last lock (smush) time to 2021-10-04 12:30:32 
[2021-10-04 12:30:32 : INFO] - Decremented the semaphore (smush) by 1 
[2021-10-04 12:30:33 : INFO] - Semaphore (smush) unlocked 
[2021-10-04 12:30:33 : INFO] - Successfully processed the queue (smush). 5 tasks were processed out of 5. 
[2021-10-04 12:30:33 : INFO] - Semaphore (smush, ag_options) was successfully cleaned up 
[2021-10-04 12:30:33 : INFO] - Cleaning up tasks of type (smush). A total of 5 tasks will be deleted. 
[2021-10-04 12:40:41 : INFO] - 
 
[2021-10-04 12:40:41 : INFO] - Header for logs at time:  Mon, 04 Oct 2021 12:40:41 +0000 on http://appgurus.ifuturz.com 
[2021-10-04 12:40:41 : INFO] - WP: 5.4 
[2021-10-04 12:40:41 : INFO] - PHP: 7.2.34 (cgi-fcgi, Linux development.ifuturz.com 3.10.0-1062.9.1.el7.x86_64 #1 SMP Fri Dec 6 15:49:49 UTC 2019 x86_64) 
[2021-10-04 12:40:41 : INFO] - MySQL: 5.7.29 
[2021-10-04 12:40:41 : INFO] - WPLANG: en_US 
[2021-10-04 12:40:41 : INFO] - Server: Apache 
[2021-10-04 12:40:41 : INFO] - Outbound connections: N 
[2021-10-04 12:40:41 : INFO] - safe_mode: 0 
[2021-10-04 12:40:41 : INFO] - max_execution_time: 30000 
[2021-10-04 12:40:41 : INFO] - memory_limit: 128M (used: 33.2M | 34.3M) 
[2021-10-04 12:40:41 : INFO] - multisite: N 
[2021-10-04 12:40:41 : INFO] - openssl: OpenSSL 1.0.2k  26 Jan 2017 
[2021-10-04 12:40:41 : INFO] - The queue for tasks of type "smush" is empty. Aborting! 
